#
# A fatal error has been detected by the Java Runtime Environment:
#
#  EXCEPTION_ACCESS_VIOLATION (0xc0000005) at pc=0x00007ff9d85a82d7, pid=30588, tid=4316
#
# JRE version: Java(TM) SE Runtime Environment (22.0.2+9) (build 22.0.2+9-70)
# Java VM: Java HotSpot(TM) 64-Bit Server VM (22.0.2+9-70, mixed mode, sharing, tiered, compressed oops, compressed class ptrs, g1 gc, windows-amd64)
# Problematic frame:
# C  [glass.dll+0x282d7]
#
# No core dump will be written. Minidumps are not enabled by default on client versions of Windows
#
# If you would like to submit a bug report, please visit:
#   https://bugreport.java.com/bugreport/crash.jsp
#

---------------  S U M M A R Y ------------

Command Line: --enable-preview -javaagent:C:\Program Files\JetBrains\IntelliJ IDEA 2024.2.3\lib\idea_rt.jar=63190:C:\Program Files\JetBrains\IntelliJ IDEA 2024.2.3\bin -Dfile.encoding=UTF-8 -Dsun.stdout.encoding=UTF-8 -Dsun.stderr.encoding=UTF-8 --module-path=C:\Users\Dell\.m2\repository\org\openjfx\javafx-controls\22.0.1\javafx-controls-22.0.1-win.jar;C:\Users\Dell\IdeaProjects\json-20240303.jar;C:\Users\Dell\IdeaProjects\ConnectHub\target\classes;C:\Users\Dell\.m2\repository\org\openjfx\javafx-graphics\22.0.1\javafx-graphics-22.0.1-win.jar;C:\Users\Dell\.m2\repository\org\openjfx\javafx-base\22.0.1\javafx-base-22.0.1-win.jar;C:\Users\Dell\.m2\repository\org\glassfish\javax.json\1.1.4\javax.json-1.1.4.jar;C:\Users\Dell\.m2\repository\org\openjfx\javafx-fxml\22.0.1\javafx-fxml-22.0.1-win.jar -Djdk.module.main=connecthub connecthub/connecthub.UserAccountManagement.Frontend.LoginPage

Host: 11th Gen Intel(R) Core(TM) i7-1165G7 @ 2.80GHz, 8 cores, 15G,  Windows 11 , 64 bit Build 22621 (10.0.22621.4391)
Time: Sun Dec  8 16:32:00 2024 Egypt Standard Time elapsed time: 41.142880 seconds (0d 0h 0m 41s)

---------------  T H R E A D  ---------------

Current thread (0x0000025f7fe3a0c0):  VMThread "VM Thread"          [id=4316, stack(0x000000be63a00000,0x000000be63b00000) (1024K)]

Stack: [0x000000be63a00000,0x000000be63b00000],  sp=0x000000be63afec80,  free space=1019k
Native frames: (J=compiled Java code, j=interpreted, Vv=VM code, C=native code)
C  [glass.dll+0x282d7]  (no source info available)
C  [ucrtbase.dll+0x53a93]  (no source info available)
C  [ucrtbase.dll+0x2042e]  (no source info available)
C  [ucrtbase.dll+0x1dddd]  (no source info available)
C  [glass.dll+0x25a6d]  (no source info available)
C  [glass.dll+0x25b92]  (no source info available)
C  [ntdll.dll+0x28b8f]  (no source info available)
C  [ntdll.dll+0x51596]  (no source info available)
C  [ntdll.dll+0x5118d]  (no source info available)
C  [KERNEL32.DLL+0x17fcb]  (no source info available)
C  [ucrtbase.dll+0x1bed8]  (no source info available)
C  [ucrtbase.dll+0x1c099]  (no source info available)
V  [jvm.dll+0x6db87b]  (no source info available)
V  [jvm.dll+0x6db3b0]  (no source info available)
V  [jvm.dll+0x3e2314]  (no source info available)
V  [jvm.dll+0x87e0f0]  (no source info available)
V  [jvm.dll+0x87f477]  (no source info available)
V  [jvm.dll+0x87f9f0]  (no source info available)
V  [jvm.dll+0x87fc93]  (no source info available)
V  [jvm.dll+0x81dc0b]  (no source info available)
V  [jvm.dll+0x6e0d85]  (no source info available)
C  [ucrtbase.dll+0x29333]  (no source info available)
C  [KERNEL32.DLL+0x1259d]  (no source info available)
C  [ntdll.dll+0x5af38]  (no source info available)


siginfo: EXCEPTION_ACCESS_VIOLATION (0xc0000005), reading address 0x0000000000000000


Registers:
RAX=0x0000000000000000, RBX=0x0000025f7fe4524a, RCX=0x0000025f7fe3a0c0, RDX=0x000000be63afec80
RSP=0x000000be63afec80, RBP=0x0000025f45c8fae8, RSI=0x000000be63afed88, RDI=0x0000025f45c8fac0
R8 =0x0000000000010002, R9 =0x0000025f45c8fac0, R10=0x85f13e9656da4870, R11=0x000000be63afec10
R12=0x00007ff9d85a5be0, R13=0x00007ff947074a60, R14=0x0000dd10e174be0b, R15=0x0000025f45c8fac0
RIP=0x00007ff9d85a82d7, EFLAGS=0x0000000000010206


Register to memory mapping:

RAX=0x0 is null
RBX=0x0000025f7fe4524a is a global jni handle
RCX=0x0000025f7fe3a0c0 points into unknown readable memory: 0x00007ff946e750a0 | a0 50 e7 46 f9 7f 00 00
RDX=0x000000be63afec80 points into unknown readable memory: 0x0000000000000000 | 00 00 00 00 00 00 00 00
RSP=0x000000be63afec80 points into unknown readable memory: 0x0000000000000000 | 00 00 00 00 00 00 00 00
RBP=0x0000025f45c8fae8 points into unknown readable memory: 0x0000dd10e174be0b | 0b be 74 e1 10 dd 00 00
RSI=0x000000be63afed88 points into unknown readable memory: 0x000000be63afed70 | 70 ed af 63 be 00 00 00
RDI=0x0000025f45c8fac0 points into unknown readable memory: 0x03ff13d233c37e0b | 0b 7e c3 33 d2 13 ff 03
R8 =0x0000000000010002 is an unknown value
R9 =0x0000025f45c8fac0 points into unknown readable memory: 0x03ff13d233c37e0b | 0b 7e c3 33 d2 13 ff 03
R10=0x85f13e9656da4870 is an unknown value
R11=0x000000be63afec10 points into unknown readable memory: 0x0000025f45c8fac0 | c0 fa c8 45 5f 02 00 00
R12=0x00007ff9d85a5be0 glass.dll
R13=0x00007ff947074a60 jvm.dll
R14=0x0000dd10e174be0b is an unknown value
R15=0x0000025f45c8fac0 points into unknown readable memory: 0x03ff13d233c37e0b | 0b 7e c3 33 d2 13 ff 03

Top of Stack: (sp=0x000000be63afec80)
0x000000be63afec80:   0000000000000000 000000be63afed88
0x000000be63afec90:   00007ff947074a60 00007ff9d85a5be0
0x000000be63afeca0:   0000025f45c8fac8 00007ffa13243a93
0x000000be63afecb0:   0000025f45c8fac0 0000025f00000000
0x000000be63afecc0:   0000025f45c8fae8 000000be63afed88
0x000000be63afecd0:   fffffffffffffffe 0000000000000000
0x000000be63afece0:   0000000000000001 00007ff9d8580000
0x000000be63afecf0:   000000be63afed78 00007ffa1321042e
0x000000be63afed00:   0000000000000000 000000be63afed88
0x000000be63afed10:   000000be63aff070 0000000000000001
0x000000be63afed20:   0000000000000001 00007ffa1320dddd
0x000000be63afed30:   0000000000000000 00007ff9d85a53d9
0x000000be63afed40:   0000000000000000 000000be63afed78
0x000000be63afed50:   fffffffffffffffe 0000000000000001
0x000000be63afed60:   0000000000000000 00007ff9d85a5a6d
0x000000be63afed70:   00007ff9d85bd078 00007ff900000002
0x000000be63afed80:   0000000000000002 000000be63afed70
0x000000be63afed90:   0000000000000000 00007ffa15798af3
0x000000be63afeda0:   0000000000000000 00007ff9d85a5b92
0x000000be63afedb0:   0000000000000001 0000000000000001
0x000000be63afedc0:   0000000000000000 0000000000000001
0x000000be63afedd0:   0000000000000001 00007ffa122e2223
0x000000be63afede0:   00007ffa00000001 0000000000000000
0x000000be63afedf0:   00007ff9d8580000 000000007ffe0384
0x000000be63afee00:   0000000000000000 00007ffa15798b8f
0x000000be63afee10:   00007ff9d8580000 0000000000000000
0x000000be63afee20:   0000000000000001 000000007ffe0385
0x000000be63afee30:   00007ffa158a7940 00007ffa051fc070
0x000000be63afee40:   0000586f677c4e00 00007ffa03cc0000
0x000000be63afee50:   00007ff9d85a5be0 0000000000000000
0x000000be63afee60:   0000000000000000 000000be62ee1000
0x000000be63afee70:   0000025f45d1fb70 00007ffa157c1596 

Instructions: (pc=0x00007ff9d85a82d7)
0x00007ff9d85a81d7:   8b 4d 58 e8 49 cf ff ff 48 8b 4d 60 e8 40 cf ff
0x00007ff9d85a81e7:   ff 48 8b 95 80 00 00 00 48 8b 8d 18 01 00 00 e8
0x00007ff9d85a81f7:   26 c5 ff ff 33 d2 33 c9 e8 8c e1 ff ff 90 48 89
0x00007ff9d85a8207:   54 24 10 55 48 83 ec 20 48 8b ea 48 b8 00 00 00
0x00007ff9d85a8217:   00 00 00 00 00 48 83 c4 20 5d c3 cc 40 55 48 8b
0x00007ff9d85a8227:   ea 48 8b 01 33 c9 81 38 05 00 00 c0 0f 94 c1 8b
0x00007ff9d85a8237:   c1 5d c3 cc 40 55 48 83 ec 20 48 8b ea 8a 4d 40
0x00007ff9d85a8247:   48 83 c4 20 5d e9 33 d3 ff ff cc 40 55 48 83 ec
0x00007ff9d85a8257:   20 48 8b ea 8a 4d 20 e8 21 d3 ff ff 90 48 83 c4
0x00007ff9d85a8267:   20 5d c3 cc 40 55 48 83 ec 20 48 8b ea 48 83 c4
0x00007ff9d85a8277:   20 5d e9 82 d1 ff ff cc 40 55 48 83 ec 30 48 8b
0x00007ff9d85a8287:   ea 48 8b 01 8b 10 48 89 4c 24 28 89 54 24 20 4c
0x00007ff9d85a8297:   8d 0d 23 d6 ff ff 4c 8b 45 70 8b 55 68 48 8b 4d
0x00007ff9d85a82a7:   60 e8 c3 d0 ff ff 90 48 83 c4 30 5d c3 cc cc cc
0x00007ff9d85a82b7:   cc cc cc cc cc cc cc cc cc 40 53 48 83 ec 20 48
0x00007ff9d85a82c7:   8b 1d 6b 47 01 00 48 85 db 74 16 e8 39 90 ff ff
0x00007ff9d85a82d7:   4c 8b 00 48 8b d3 48 8b c8 41 ff 90 b0 00 00 00
0x00007ff9d85a82e7:   90 48 83 c4 20 5b c3 cc cc 40 53 48 83 ec 20 48
0x00007ff9d85a82f7:   8b 1d ab 48 01 00 48 85 db 74 57 b8 ff ff ff ff
0x00007ff9d85a8307:   f0 0f c1 43 10 83 f8 01 75 3d 48 85 db 74 38 48
0x00007ff9d85a8317:   8b 0b 48 85 c9 74 0d ff 15 8c 0f 00 00 48 c7 03
0x00007ff9d85a8327:   00 00 00 00 48 8b 4b 08 48 85 c9 74 0d e8 ef cd
0x00007ff9d85a8337:   ff ff 48 c7 43 08 00 00 00 00 ba 18 00 00 00 48
0x00007ff9d85a8347:   8b cb e8 da cd ff ff 48 c7 05 4f 48 01 00 00 00
0x00007ff9d85a8357:   00 00 48 83 c4 20 5b c3 cc 40 53 48 83 ec 20 48
0x00007ff9d85a8367:   8b 1d 1b 48 01 00 48 85 db 74 57 b8 ff ff ff ff
0x00007ff9d85a8377:   f0 0f c1 43 10 83 f8 01 75 3d 48 85 db 74 38 48
0x00007ff9d85a8387:   8b 0b 48 85 c9 74 0d ff 15 1c 0f 00 00 48 c7 03
0x00007ff9d85a8397:   00 00 00 00 48 8b 4b 08 48 85 c9 74 0d e8 7f cd
0x00007ff9d85a83a7:   ff ff 48 c7 43 08 00 00 00 00 ba 18 00 00 00 48
0x00007ff9d85a83b7:   8b cb e8 6a cd ff ff 48 c7 05 bf 47 01 00 00 00
0x00007ff9d85a83c7:   00 00 48 83 c4 20 5b c3 cc 40 53 48 83 ec 20 48 


Stack slot to memory mapping:

stack at sp + 0 slots: 0x0 is null
stack at sp + 1 slots: 0x000000be63afed88 points into unknown readable memory: 0x000000be63afed70 | 70 ed af 63 be 00 00 00
stack at sp + 2 slots: 0x00007ff947074a60 jvm.dll
stack at sp + 3 slots: 0x00007ff9d85a5be0 glass.dll
stack at sp + 4 slots: 0x0000025f45c8fac8 points into unknown readable memory: 0x0000dd10e174be0b | 0b be 74 e1 10 dd 00 00
stack at sp + 5 slots: 0x00007ffa13243a93 ucrtbase.dll
stack at sp + 6 slots: 0x0000025f45c8fac0 points into unknown readable memory: 0x03ff13d233c37e0b | 0b 7e c3 33 d2 13 ff 03
stack at sp + 7 slots: 0x0000025f00000000 is pointing into metadata

VM_Operation (0x000000be644ff0e0): Exit, mode: safepoint, requested by thread 0x0000025f463fd320


---------------  P R O C E S S  ---------------

Threads class SMR info:
_java_thread_list=0x0000025f453ac270, length=20, elements={
0x0000025f5ece5ec0, 0x0000025f7fe55db0, 0x0000025f7fe57ad0, 0x0000025f7fe5fb50,
0x0000025f7fe61540, 0x0000025f7fe62aa0, 0x0000025f7fe67510, 0x0000025f7fe6fb20,
0x0000025f7fe70780, 0x0000025f451e74a0, 0x0000025f45567a80, 0x0000025f4549ed70,
0x0000025f45601570, 0x0000025f45ce9f80, 0x0000025f45d20fd0, 0x0000025f461e4820,
0x0000025f4626f130, 0x0000025f454a0d10, 0x0000025f463fed60, 0x0000025f463fd320
}

Java Threads: ( => current thread )
  0x0000025f5ece5ec0 JavaThread "main"                              [_thread_blocked, id=22872, stack(0x000000be63300000,0x000000be63400000) (1024K)]
  0x0000025f7fe55db0 JavaThread "Reference Handler"          daemon [_thread_blocked, id=15956, stack(0x000000be63b00000,0x000000be63c00000) (1024K)]
  0x0000025f7fe57ad0 JavaThread "Finalizer"                  daemon [_thread_blocked, id=7836, stack(0x000000be63c00000,0x000000be63d00000) (1024K)]
  0x0000025f7fe5fb50 JavaThread "Signal Dispatcher"          daemon [_thread_blocked, id=24468, stack(0x000000be63d00000,0x000000be63e00000) (1024K)]
  0x0000025f7fe61540 JavaThread "Attach Listener"            daemon [_thread_blocked, id=14536, stack(0x000000be63e00000,0x000000be63f00000) (1024K)]
  0x0000025f7fe62aa0 JavaThread "Service Thread"             daemon [_thread_blocked, id=25692, stack(0x000000be63f00000,0x000000be64000000) (1024K)]
  0x0000025f7fe67510 JavaThread "Monitor Deflation Thread"   daemon [_thread_blocked, id=18424, stack(0x000000be64000000,0x000000be64100000) (1024K)]
  0x0000025f7fe6fb20 JavaThread "C2 CompilerThread0"         daemon [_thread_blocked, id=17056, stack(0x000000be64100000,0x000000be64200000) (1024K)]
  0x0000025f7fe70780 JavaThread "C1 CompilerThread0"         daemon [_thread_blocked, id=2112, stack(0x000000be64200000,0x000000be64300000) (1024K)]
  0x0000025f451e74a0 JavaThread "Common-Cleaner"             daemon [_thread_blocked, id=12160, stack(0x000000be64300000,0x000000be64400000) (1024K)]
  0x0000025f45567a80 JavaThread "Monitor Ctrl-Break"         daemon [_thread_in_native, id=10260, stack(0x000000be64600000,0x000000be64700000) (1024K)]
  0x0000025f4549ed70 JavaThread "Notification Thread"        daemon [_thread_blocked, id=20016, stack(0x000000be64700000,0x000000be64800000) (1024K)]
  0x0000025f45601570 JavaThread "QuantumRenderer-0"          daemon [_thread_blocked, id=18940, stack(0x000000be64800000,0x000000be64900000) (1024K)]
  0x0000025f45ce9f80 JavaThread "InvokeLaterDispatcher"      daemon [_thread_blocked, id=25824, stack(0x000000be64900000,0x000000be64a00000) (1024K)]
  0x0000025f45d20fd0 JavaThread "JavaFX Application Thread"         [_thread_in_native, id=14924, stack(0x000000be64a00000,0x000000be64b00000) (1024K)]
  0x0000025f461e4820 JavaThread "Thread-1"                   daemon [_thread_in_native, id=23192, stack(0x000000be64e00000,0x000000be64f00000) (1024K)]
  0x0000025f4626f130 JavaThread "JavaFX-Launcher"                   [_thread_blocked, id=27668, stack(0x000000be64f00000,0x000000be65000000) (1024K)]
  0x0000025f454a0d10 JavaThread "Prism Font Disposer"        daemon [_thread_blocked, id=29872, stack(0x000000be64500000,0x000000be64600000) (1024K)]
  0x0000025f463fed60 JavaThread "Cleaner-0"                  daemon [_thread_blocked, id=3088, stack(0x000000be65a00000,0x000000be65b00000) (1024K)]
  0x0000025f463fd320 JavaThread "SIGINT handler"             daemon [_thread_blocked, id=7444, stack(0x000000be64400000,0x000000be64500000) (1024K)]
Total: 20

Other Threads:
=>0x0000025f7fe3a0c0 VMThread "VM Thread"                           [id=4316, stack(0x000000be63a00000,0x000000be63b00000) (1024K)]
  0x0000025f60f57ac0 WorkerThread "GC Thread#0"                     [id=6160, stack(0x000000be63400000,0x000000be63500000) (1024K)]
  0x0000025f46159ac0 WorkerThread "GC Thread#1"                     [id=12872, stack(0x000000be65000000,0x000000be65100000) (1024K)]
  0x0000025f4617f600 WorkerThread "GC Thread#2"                     [id=30544, stack(0x000000be65100000,0x000000be65200000) (1024K)]
  0x0000025f462c65d0 WorkerThread "GC Thread#3"                     [id=17968, stack(0x000000be65200000,0x000000be65300000) (1024K)]
  0x0000025f462c6980 WorkerThread "GC Thread#4"                     [id=23740, stack(0x000000be65300000,0x000000be65400000) (1024K)]
  0x0000025f46324410 WorkerThread "GC Thread#5"                     [id=25344, stack(0x000000be65400000,0x000000be65500000) (1024K)]
  0x0000025f462dee00 WorkerThread "GC Thread#6"                     [id=24812, stack(0x000000be65800000,0x000000be65900000) (1024K)]
  0x0000025f465bab40 WorkerThread "GC Thread#7"                     [id=3368, stack(0x000000be65900000,0x000000be65a00000) (1024K)]
  0x0000025f60f69b40 ConcurrentGCThread "G1 Main Marker"            terminated
  0x0000025f60f6a560 WorkerThread "G1 Conc#0"                       [id=28956, stack(0x000000be63600000,0x000000be63700000) (1024K)]
  0x0000025f60fae7a0 ConcurrentGCThread "G1 Refine#0"               terminated
  0x0000025f7fcf7030 ConcurrentGCThread "G1 Service"                terminated
Total: 13

Threads with active compile tasks:
Total: 0

VM state: at safepoint (shutting down)

VM Mutex/Monitor currently owned by a thread:  ([mutex/lock_event])
[0x00007ff94704cb80] Threads_lock - owner thread: 0x0000025f7fe3a0c0
[0x00007ff94704cc80] Heap_lock - owner thread: 0x0000025f463fd320

Heap address: 0x0000000704400000, size: 4028 MB, Compressed Oops mode: Zero based, Oop shift amount: 3

CDS archive(s) mapped at: [0x0000025f00000000-0x0000025f00c60000-0x0000025f00c60000), size 12976128, SharedBaseAddress: 0x0000025f00000000, ArchiveRelocationMode: 1.
Compressed class space mapped at: 0x0000025f01000000-0x0000025f41000000, reserved size: 1073741824
Narrow klass base: 0x0000025f00000000, Narrow klass shift: 0, Narrow klass range: 0x41000000

GC Precious Log:
 CardTable entry size: 512
 Card Set container configuration: InlinePtr #cards 4 size 8 Array Of Cards #cards 16 size 48 Howl #buckets 8 coarsen threshold 3686 Howl Bitmap #cards 512 size 80 coarsen threshold 460 Card regions per heap region 1 cards per card region 4096
 CPUs: 8 total, 8 available
 Memory: 16110M
 Large Page Support: Disabled
 NUMA Support: Disabled
 Compressed Oops: Enabled (Zero based)
 Heap Region Size: 2M
 Heap Min Capacity: 8M
 Heap Initial Capacity: 252M
 Heap Max Capacity: 4028M
 Pre-touch: Disabled
 Parallel Workers: 8
 Concurrent Workers: 2
 Concurrent Refinement Workers: 8
 Periodic GC: Disabled

Heap:
 garbage-first heap   total reserved 4124672K, committed 258048K, used 80557K [0x0000000704400000, 0x0000000800000000)
  region size 2048K, 26 young (53248K), 3 survivors (6144K)
 Metaspace       used 18298K, committed 18496K, reserved 1114112K
  class space    used 2785K, committed 2880K, reserved 1048576K

Heap Regions: E=young(eden), S=young(survivor), O=old, HS=humongous(starts), HC=humongous(continues), CS=collection set, F=free, TAMS=top-at-mark-start, PB=parsable bottom
|   0|0x0000000704400000, 0x00000007044ab618, 0x0000000704600000| 33%| O|  |TAMS 0x0000000704400000| PB 0x0000000704400000| Untracked |  0
|   1|0x0000000704600000, 0x0000000704800000, 0x0000000704800000|100%|HS|  |TAMS 0x0000000704600000| PB 0x0000000704600000| Complete |  0
|   2|0x0000000704800000, 0x0000000704a00000, 0x0000000704a00000|100%|HS|  |TAMS 0x0000000704800000| PB 0x0000000704800000| Complete |  0
|   3|0x0000000704a00000, 0x0000000704c00000, 0x0000000704c00000|100%|HS|  |TAMS 0x0000000704a00000| PB 0x0000000704a00000| Complete |  0
|   4|0x0000000704c00000, 0x0000000704e00000, 0x0000000704e00000|100%|HS|  |TAMS 0x0000000704c00000| PB 0x0000000704c00000| Complete |  0
|   5|0x0000000704e00000, 0x0000000705000000, 0x0000000705000000|100%|HS|  |TAMS 0x0000000704e00000| PB 0x0000000704e00000| Complete |  0
|   6|0x0000000705000000, 0x0000000705200000, 0x0000000705200000|100%|HS|  |TAMS 0x0000000705000000| PB 0x0000000705000000| Complete |  0
|   7|0x0000000705200000, 0x0000000705400000, 0x0000000705400000|100%|HS|  |TAMS 0x0000000705200000| PB 0x0000000705200000| Complete |  0
|   8|0x0000000705400000, 0x0000000705600000, 0x0000000705600000|100%|HS|  |TAMS 0x0000000705400000| PB 0x0000000705400000| Complete |  0
|   9|0x0000000705600000, 0x0000000705800000, 0x0000000705800000|100%|HS|  |TAMS 0x0000000705600000| PB 0x0000000705600000| Complete |  0
|  10|0x0000000705800000, 0x0000000705a00000, 0x0000000705a00000|100%|HS|  |TAMS 0x0000000705800000| PB 0x0000000705800000| Complete |  0
|  11|0x0000000705a00000, 0x0000000705c00000, 0x0000000705c00000|100%|HS|  |TAMS 0x0000000705a00000| PB 0x0000000705a00000| Complete |  0
|  12|0x0000000705c00000, 0x0000000705e00000, 0x0000000705e00000|100%|HS|  |TAMS 0x0000000705c00000| PB 0x0000000705c00000| Complete |  0
|  13|0x0000000705e00000, 0x0000000706000000, 0x0000000706000000|100%|HS|  |TAMS 0x0000000705e00000| PB 0x0000000705e00000| Complete |  0
|  14|0x0000000706000000, 0x0000000706200000, 0x0000000706200000|100%|HS|  |TAMS 0x0000000706000000| PB 0x0000000706000000| Complete |  0
|  15|0x0000000706200000, 0x0000000706400000, 0x0000000706400000|100%|HS|  |TAMS 0x0000000706200000| PB 0x0000000706200000| Complete |  0
|  16|0x0000000706400000, 0x0000000706400000, 0x0000000706600000|  0%| F|  |TAMS 0x0000000706400000| PB 0x0000000706400000| Untracked |  0
|  17|0x0000000706600000, 0x0000000706600000, 0x0000000706800000|  0%| F|  |TAMS 0x0000000706600000| PB 0x0000000706600000| Untracked |  0
|  18|0x0000000706800000, 0x0000000706800000, 0x0000000706a00000|  0%| F|  |TAMS 0x0000000706800000| PB 0x0000000706800000| Untracked |  0
|  19|0x0000000706a00000, 0x0000000706a00000, 0x0000000706c00000|  0%| F|  |TAMS 0x0000000706a00000| PB 0x0000000706a00000| Untracked |  0
|  20|0x0000000706c00000, 0x0000000706c00000, 0x0000000706e00000|  0%| F|  |TAMS 0x0000000706c00000| PB 0x0000000706c00000| Untracked |  0
|  21|0x0000000706e00000, 0x0000000706e00000, 0x0000000707000000|  0%| F|  |TAMS 0x0000000706e00000| PB 0x0000000706e00000| Untracked |  0
|  22|0x0000000707000000, 0x0000000707000000, 0x0000000707200000|  0%| F|  |TAMS 0x0000000707000000| PB 0x0000000707000000| Untracked |  0
|  23|0x0000000707200000, 0x0000000707200000, 0x0000000707400000|  0%| F|  |TAMS 0x0000000707200000| PB 0x0000000707200000| Untracked |  0
|  24|0x0000000707400000, 0x0000000707400000, 0x0000000707600000|  0%| F|  |TAMS 0x0000000707400000| PB 0x0000000707400000| Untracked |  0
|  25|0x0000000707600000, 0x0000000707600000, 0x0000000707800000|  0%| F|  |TAMS 0x0000000707600000| PB 0x0000000707600000| Untracked |  0
|  26|0x0000000707800000, 0x0000000707800000, 0x0000000707a00000|  0%| F|  |TAMS 0x0000000707800000| PB 0x0000000707800000| Untracked |  0
|  27|0x0000000707a00000, 0x0000000707a00000, 0x0000000707c00000|  0%| F|  |TAMS 0x0000000707a00000| PB 0x0000000707a00000| Untracked |  0
|  28|0x0000000707c00000, 0x0000000707c00000, 0x0000000707e00000|  0%| F|  |TAMS 0x0000000707c00000| PB 0x0000000707c00000| Untracked |  0
|  29|0x0000000707e00000, 0x0000000707e00000, 0x0000000708000000|  0%| F|  |TAMS 0x0000000707e00000| PB 0x0000000707e00000| Untracked |  0
|  30|0x0000000708000000, 0x0000000708000000, 0x0000000708200000|  0%| F|  |TAMS 0x0000000708000000| PB 0x0000000708000000| Untracked |  0
|  31|0x0000000708200000, 0x0000000708200000, 0x0000000708400000|  0%| F|  |TAMS 0x0000000708200000| PB 0x0000000708200000| Untracked |  0
|  32|0x0000000708400000, 0x0000000708400000, 0x0000000708600000|  0%| F|  |TAMS 0x0000000708400000| PB 0x0000000708400000| Untracked |  0
|  33|0x0000000708600000, 0x0000000708600000, 0x0000000708800000|  0%| F|  |TAMS 0x0000000708600000| PB 0x0000000708600000| Untracked |  0
|  34|0x0000000708800000, 0x0000000708800000, 0x0000000708a00000|  0%| F|  |TAMS 0x0000000708800000| PB 0x0000000708800000| Untracked |  0
|  35|0x0000000708a00000, 0x0000000708a00000, 0x0000000708c00000|  0%| F|  |TAMS 0x0000000708a00000| PB 0x0000000708a00000| Untracked |  0
|  36|0x0000000708c00000, 0x0000000708c00000, 0x0000000708e00000|  0%| F|  |TAMS 0x0000000708c00000| PB 0x0000000708c00000| Untracked |  0
|  37|0x0000000708e00000, 0x0000000708e00000, 0x0000000709000000|  0%| F|  |TAMS 0x0000000708e00000| PB 0x0000000708e00000| Untracked |  0
|  38|0x0000000709000000, 0x0000000709000000, 0x0000000709200000|  0%| F|  |TAMS 0x0000000709000000| PB 0x0000000709000000| Untracked |  0
|  39|0x0000000709200000, 0x0000000709200000, 0x0000000709400000|  0%| F|  |TAMS 0x0000000709200000| PB 0x0000000709200000| Untracked |  0
|  40|0x0000000709400000, 0x0000000709400000, 0x0000000709600000|  0%| F|  |TAMS 0x0000000709400000| PB 0x0000000709400000| Untracked |  0
|  41|0x0000000709600000, 0x0000000709600000, 0x0000000709800000|  0%| F|  |TAMS 0x0000000709600000| PB 0x0000000709600000| Untracked |  0
|  42|0x0000000709800000, 0x0000000709800000, 0x0000000709a00000|  0%| F|  |TAMS 0x0000000709800000| PB 0x0000000709800000| Untracked |  0
|  43|0x0000000709a00000, 0x0000000709a00000, 0x0000000709c00000|  0%| F|  |TAMS 0x0000000709a00000| PB 0x0000000709a00000| Untracked |  0
|  44|0x0000000709c00000, 0x0000000709c00000, 0x0000000709e00000|  0%| F|  |TAMS 0x0000000709c00000| PB 0x0000000709c00000| Untracked |  0
|  45|0x0000000709e00000, 0x0000000709e00000, 0x000000070a000000|  0%| F|  |TAMS 0x0000000709e00000| PB 0x0000000709e00000| Untracked |  0
|  46|0x000000070a000000, 0x000000070a000000, 0x000000070a200000|  0%| F|  |TAMS 0x000000070a000000| PB 0x000000070a000000| Untracked |  0
|  47|0x000000070a200000, 0x000000070a200000, 0x000000070a400000|  0%| F|  |TAMS 0x000000070a200000| PB 0x000000070a200000| Untracked |  0
|  48|0x000000070a400000, 0x000000070a400000, 0x000000070a600000|  0%| F|  |TAMS 0x000000070a400000| PB 0x000000070a400000| Untracked |  0
|  49|0x000000070a600000, 0x000000070a600000, 0x000000070a800000|  0%| F|  |TAMS 0x000000070a600000| PB 0x000000070a600000| Untracked |  0
|  50|0x000000070a800000, 0x000000070a800000, 0x000000070aa00000|  0%| F|  |TAMS 0x000000070a800000| PB 0x000000070a800000| Untracked |  0
|  51|0x000000070aa00000, 0x000000070aa00000, 0x000000070ac00000|  0%| F|  |TAMS 0x000000070aa00000| PB 0x000000070aa00000| Untracked |  0
|  52|0x000000070ac00000, 0x000000070ac00000, 0x000000070ae00000|  0%| F|  |TAMS 0x000000070ac00000| PB 0x000000070ac00000| Untracked |  0
|  53|0x000000070ae00000, 0x000000070ae00000, 0x000000070b000000|  0%| F|  |TAMS 0x000000070ae00000| PB 0x000000070ae00000| Untracked |  0
|  54|0x000000070b000000, 0x000000070b000000, 0x000000070b200000|  0%| F|  |TAMS 0x000000070b000000| PB 0x000000070b000000| Untracked |  0
|  55|0x000000070b200000, 0x000000070b200000, 0x000000070b400000|  0%| F|  |TAMS 0x000000070b200000| PB 0x000000070b200000| Untracked |  0
|  56|0x000000070b400000, 0x000000070b400000, 0x000000070b600000|  0%| F|  |TAMS 0x000000070b400000| PB 0x000000070b400000| Untracked |  0
|  57|0x000000070b600000, 0x000000070b600000, 0x000000070b800000|  0%| F|  |TAMS 0x000000070b600000| PB 0x000000070b600000| Untracked |  0
|  58|0x000000070b800000, 0x000000070b800000, 0x000000070ba00000|  0%| F|  |TAMS 0x000000070b800000| PB 0x000000070b800000| Untracked |  0
|  59|0x000000070ba00000, 0x000000070ba00000, 0x000000070bc00000|  0%| F|  |TAMS 0x000000070ba00000| PB 0x000000070ba00000| Untracked |  0
|  60|0x000000070bc00000, 0x000000070bc00000, 0x000000070be00000|  0%| F|  |TAMS 0x000000070bc00000| PB 0x000000070bc00000| Untracked |  0
|  61|0x000000070be00000, 0x000000070be00000, 0x000000070c000000|  0%| F|  |TAMS 0x000000070be00000| PB 0x000000070be00000| Untracked |  0
|  62|0x000000070c000000, 0x000000070c000000, 0x000000070c200000|  0%| F|  |TAMS 0x000000070c000000| PB 0x000000070c000000| Untracked |  0
|  63|0x000000070c200000, 0x000000070c200000, 0x000000070c400000|  0%| F|  |TAMS 0x000000070c200000| PB 0x000000070c200000| Untracked |  0
|  64|0x000000070c400000, 0x000000070c400000, 0x000000070c600000|  0%| F|  |TAMS 0x000000070c400000| PB 0x000000070c400000| Untracked |  0
|  65|0x000000070c600000, 0x000000070c600000, 0x000000070c800000|  0%| F|  |TAMS 0x000000070c600000| PB 0x000000070c600000| Untracked |  0
|  66|0x000000070c800000, 0x000000070c800000, 0x000000070ca00000|  0%| F|  |TAMS 0x000000070c800000| PB 0x000000070c800000| Untracked |  0
|  67|0x000000070ca00000, 0x000000070ca00000, 0x000000070cc00000|  0%| F|  |TAMS 0x000000070ca00000| PB 0x000000070ca00000| Untracked |  0
|  68|0x000000070cc00000, 0x000000070cc00000, 0x000000070ce00000|  0%| F|  |TAMS 0x000000070cc00000| PB 0x000000070cc00000| Untracked |  0
|  69|0x000000070ce00000, 0x000000070ce00000, 0x000000070d000000|  0%| F|  |TAMS 0x000000070ce00000| PB 0x000000070ce00000| Untracked |  0
|  70|0x000000070d000000, 0x000000070d000000, 0x000000070d200000|  0%| F|  |TAMS 0x000000070d000000| PB 0x000000070d000000| Untracked |  0
|  71|0x000000070d200000, 0x000000070d200000, 0x000000070d400000|  0%| F|  |TAMS 0x000000070d200000| PB 0x000000070d200000| Untracked |  0
|  72|0x000000070d400000, 0x000000070d400000, 0x000000070d600000|  0%| F|  |TAMS 0x000000070d400000| PB 0x000000070d400000| Untracked |  0
|  73|0x000000070d600000, 0x000000070d600000, 0x000000070d800000|  0%| F|  |TAMS 0x000000070d600000| PB 0x000000070d600000| Untracked |  0
|  74|0x000000070d800000, 0x000000070d800000, 0x000000070da00000|  0%| F|  |TAMS 0x000000070d800000| PB 0x000000070d800000| Untracked |  0
|  75|0x000000070da00000, 0x000000070da00000, 0x000000070dc00000|  0%| F|  |TAMS 0x000000070da00000| PB 0x000000070da00000| Untracked |  0
|  76|0x000000070dc00000, 0x000000070dc00000, 0x000000070de00000|  0%| F|  |TAMS 0x000000070dc00000| PB 0x000000070dc00000| Untracked |  0
|  77|0x000000070de00000, 0x000000070de00000, 0x000000070e000000|  0%| F|  |TAMS 0x000000070de00000| PB 0x000000070de00000| Untracked |  0
|  78|0x000000070e000000, 0x000000070e000000, 0x000000070e200000|  0%| F|  |TAMS 0x000000070e000000| PB 0x000000070e000000| Untracked |  0
|  79|0x000000070e200000, 0x000000070e200000, 0x000000070e400000|  0%| F|  |TAMS 0x000000070e200000| PB 0x000000070e200000| Untracked |  0
|  80|0x000000070e400000, 0x000000070e400000, 0x000000070e600000|  0%| F|  |TAMS 0x000000070e400000| PB 0x000000070e400000| Untracked |  0
|  81|0x000000070e600000, 0x000000070e600000, 0x000000070e800000|  0%| F|  |TAMS 0x000000070e600000| PB 0x000000070e600000| Untracked |  0
|  82|0x000000070e800000, 0x000000070e800000, 0x000000070ea00000|  0%| F|  |TAMS 0x000000070e800000| PB 0x000000070e800000| Untracked |  0
|  83|0x000000070ea00000, 0x000000070ea00000, 0x000000070ec00000|  0%| F|  |TAMS 0x000000070ea00000| PB 0x000000070ea00000| Untracked |  0
|  84|0x000000070ec00000, 0x000000070ec00000, 0x000000070ee00000|  0%| F|  |TAMS 0x000000070ec00000| PB 0x000000070ec00000| Untracked |  0
|  85|0x000000070ee00000, 0x000000070ee00000, 0x000000070f000000|  0%| F|  |TAMS 0x000000070ee00000| PB 0x000000070ee00000| Untracked |  0
|  86|0x000000070f000000, 0x000000070f000000, 0x000000070f200000|  0%| F|  |TAMS 0x000000070f000000| PB 0x000000070f000000| Untracked |  0
|  87|0x000000070f200000, 0x000000070f200000, 0x000000070f400000|  0%| F|  |TAMS 0x000000070f200000| PB 0x000000070f200000| Untracked |  0
|  88|0x000000070f400000, 0x000000070f400000, 0x000000070f600000|  0%| F|  |TAMS 0x000000070f400000| PB 0x000000070f400000| Untracked |  0
|  89|0x000000070f600000, 0x000000070f600000, 0x000000070f800000|  0%| F|  |TAMS 0x000000070f600000| PB 0x000000070f600000| Untracked |  0
|  90|0x000000070f800000, 0x000000070f800000, 0x000000070fa00000|  0%| F|  |TAMS 0x000000070f800000| PB 0x000000070f800000| Untracked |  0
|  91|0x000000070fa00000, 0x000000070fa00000, 0x000000070fc00000|  0%| F|  |TAMS 0x000000070fa00000| PB 0x000000070fa00000| Untracked |  0
|  92|0x000000070fc00000, 0x000000070fc00000, 0x000000070fe00000|  0%| F|  |TAMS 0x000000070fc00000| PB 0x000000070fc00000| Untracked |  0
|  93|0x000000070fe00000, 0x000000070fe00000, 0x0000000710000000|  0%| F|  |TAMS 0x000000070fe00000| PB 0x000000070fe00000| Untracked |  0
|  94|0x0000000710000000, 0x0000000710000000, 0x0000000710200000|  0%| F|  |TAMS 0x0000000710000000| PB 0x0000000710000000| Untracked |  0
|  95|0x0000000710200000, 0x0000000710200000, 0x0000000710400000|  0%| F|  |TAMS 0x0000000710200000| PB 0x0000000710200000| Untracked |  0
|  96|0x0000000710400000, 0x0000000710400000, 0x0000000710600000|  0%| F|  |TAMS 0x0000000710400000| PB 0x0000000710400000| Untracked |  0
|  97|0x0000000710600000, 0x0000000710600000, 0x0000000710800000|  0%| F|  |TAMS 0x0000000710600000| PB 0x0000000710600000| Untracked |  0
|  98|0x0000000710800000, 0x0000000710800000, 0x0000000710a00000|  0%| F|  |TAMS 0x0000000710800000| PB 0x0000000710800000| Untracked |  0
|  99|0x0000000710a00000, 0x0000000710c00000, 0x0000000710c00000|100%| S|CS|TAMS 0x0000000710a00000| PB 0x0000000710a00000| Complete |  0
| 100|0x0000000710c00000, 0x0000000710e00000, 0x0000000710e00000|100%| S|CS|TAMS 0x0000000710c00000| PB 0x0000000710c00000| Complete |  0
| 101|0x0000000710e00000, 0x0000000711000000, 0x0000000711000000|100%| S|CS|TAMS 0x0000000710e00000| PB 0x0000000710e00000| Complete |  0
| 102|0x0000000711000000, 0x0000000711000000, 0x0000000711200000|  0%| F|  |TAMS 0x0000000711000000| PB 0x0000000711000000| Untracked |  0
| 103|0x0000000711200000, 0x0000000711269548, 0x0000000711400000| 20%| E|  |TAMS 0x0000000711200000| PB 0x0000000711200000| Complete |  0
| 104|0x0000000711400000, 0x0000000711600000, 0x0000000711600000|100%| E|CS|TAMS 0x0000000711400000| PB 0x0000000711400000| Complete |  0
| 105|0x0000000711600000, 0x0000000711800000, 0x0000000711800000|100%| E|CS|TAMS 0x0000000711600000| PB 0x0000000711600000| Complete |  0
| 106|0x0000000711800000, 0x0000000711a00000, 0x0000000711a00000|100%| E|CS|TAMS 0x0000000711800000| PB 0x0000000711800000| Complete |  0
| 107|0x0000000711a00000, 0x0000000711c00000, 0x0000000711c00000|100%| E|CS|TAMS 0x0000000711a00000| PB 0x0000000711a00000| Complete |  0
| 108|0x0000000711c00000, 0x0000000711e00000, 0x0000000711e00000|100%| E|CS|TAMS 0x0000000711c00000| PB 0x0000000711c00000| Complete |  0
| 109|0x0000000711e00000, 0x0000000712000000, 0x0000000712000000|100%| E|CS|TAMS 0x0000000711e00000| PB 0x0000000711e00000| Complete |  0
| 110|0x0000000712000000, 0x0000000712200000, 0x0000000712200000|100%| E|CS|TAMS 0x0000000712000000| PB 0x0000000712000000| Complete |  0
| 111|0x0000000712200000, 0x0000000712400000, 0x0000000712400000|100%| E|  |TAMS 0x0000000712200000| PB 0x0000000712200000| Complete |  0
| 112|0x0000000712400000, 0x0000000712600000, 0x0000000712600000|100%| E|CS|TAMS 0x0000000712400000| PB 0x0000000712400000| Complete |  0
| 113|0x0000000712600000, 0x0000000712800000, 0x0000000712800000|100%| E|CS|TAMS 0x0000000712600000| PB 0x0000000712600000| Complete |  0
| 114|0x0000000712800000, 0x0000000712a00000, 0x0000000712a00000|100%| E|CS|TAMS 0x0000000712800000| PB 0x0000000712800000| Complete |  0
| 115|0x0000000712a00000, 0x0000000712c00000, 0x0000000712c00000|100%| E|CS|TAMS 0x0000000712a00000| PB 0x0000000712a00000| Complete |  0
| 116|0x0000000712c00000, 0x0000000712e00000, 0x0000000712e00000|100%| E|CS|TAMS 0x0000000712c00000| PB 0x0000000712c00000| Complete |  0
| 117|0x0000000712e00000, 0x0000000713000000, 0x0000000713000000|100%| E|CS|TAMS 0x0000000712e00000| PB 0x0000000712e00000| Complete |  0
| 118|0x0000000713000000, 0x0000000713200000, 0x0000000713200000|100%| E|CS|TAMS 0x0000000713000000| PB 0x0000000713000000| Complete |  0
| 119|0x0000000713200000, 0x0000000713400000, 0x0000000713400000|100%| E|CS|TAMS 0x0000000713200000| PB 0x0000000713200000| Complete |  0
| 120|0x0000000713400000, 0x0000000713600000, 0x0000000713600000|100%| E|CS|TAMS 0x0000000713400000| PB 0x0000000713400000| Complete |  0
| 121|0x0000000713600000, 0x0000000713800000, 0x0000000713800000|100%| E|CS|TAMS 0x0000000713600000| PB 0x0000000713600000| Complete |  0
| 122|0x0000000713800000, 0x0000000713a00000, 0x0000000713a00000|100%| E|CS|TAMS 0x0000000713800000| PB 0x0000000713800000| Complete |  0
| 123|0x0000000713a00000, 0x0000000713c00000, 0x0000000713c00000|100%| E|CS|TAMS 0x0000000713a00000| PB 0x0000000713a00000| Complete |  0
| 124|0x0000000713c00000, 0x0000000713e00000, 0x0000000713e00000|100%| E|CS|TAMS 0x0000000713c00000| PB 0x0000000713c00000| Complete |  0
| 125|0x0000000713e00000, 0x0000000714000000, 0x0000000714000000|100%| E|CS|TAMS 0x0000000713e00000| PB 0x0000000713e00000| Complete |  0

Card table byte_map: [0x0000025f78d50000,0x0000025f79530000] _byte_map_base: 0x0000025f7552e000

Marking Bits: (CMBitMap*) 0x0000025f60f580e0
 Bits: [0x0000025f79530000, 0x0000025f7d420000)

Polling page: 0x0000025f606b0000

Metaspace:

Usage:
  Non-class:     15.15 MB used.
      Class:      2.72 MB used.
       Both:     17.87 MB used.

Virtual space:
  Non-class space:       64.00 MB reserved,      15.25 MB ( 24%) committed,  1 nodes.
      Class space:        1.00 GB reserved,       2.81 MB ( <1%) committed,  1 nodes.
             Both:        1.06 GB reserved,      18.06 MB (  2%) committed. 

Chunk freelists:
   Non-Class:  385.00 KB
       Class:  13.19 MB
        Both:  13.56 MB

MaxMetaspaceSize: unlimited
CompressedClassSpaceSize: 1.00 GB
Initial GC threshold: 21.00 MB
Current GC threshold: 21.00 MB
CDS: on
 - commit_granule_bytes: 65536.
 - commit_granule_words: 8192.
 - virtual_space_node_default_size: 8388608.
 - enlarge_chunks_in_place: 1.
 - use_allocation_guard: 0.


Internal statistics:

num_allocs_failed_limit: 0.
num_arena_births: 274.
num_arena_deaths: 0.
num_vsnodes_births: 2.
num_vsnodes_deaths: 0.
num_space_committed: 289.
num_space_uncommitted: 0.
num_chunks_returned_to_freelist: 0.
num_chunks_taken_from_freelist: 874.
num_chunk_merges: 0.
num_chunk_splits: 614.
num_chunks_enlarged: 478.
num_inconsistent_stats: 0.

CodeHeap 'non-profiled nmethods': size=120000Kb used=2006Kb max_used=2006Kb free=117993Kb
 bounds [0x0000025f70d10000, 0x0000025f70f80000, 0x0000025f78240000]
CodeHeap 'profiled nmethods': size=120000Kb used=8304Kb max_used=8304Kb free=111695Kb
 bounds [0x0000025f69240000, 0x0000025f69a60000, 0x0000025f70770000]
CodeHeap 'non-nmethods': size=5760Kb used=2096Kb max_used=2145Kb free=3663Kb
 bounds [0x0000025f70770000, 0x0000025f709e0000, 0x0000025f70d10000]
 total_blobs=5060 nmethods=4210 adapters=753
 compilation: enabled
              stopped_count=0, restarted_count=0
 full_count=0

Compilation events (20 events):
Event: 29.142 Thread 0x0000025f7fe70780 nmethod 4201 0x0000025f69a52f10 code [0x0000025f69a53140, 0x0000025f69a53af0]
Event: 29.143 Thread 0x0000025f7fe70780 4202       3       com.sun.scenario.effect.impl.prism.ps.PPSDrawable::isLost (25 bytes)
Event: 29.143 Thread 0x0000025f7fe70780 nmethod 4202 0x0000025f69a53f10 code [0x0000025f69a540e0, 0x0000025f69a54648]
Event: 29.143 Thread 0x0000025f7fe70780 4203       1       com.sun.scenario.effect.ImageData::getTransform (5 bytes)
Event: 29.143 Thread 0x0000025f7fe70780 nmethod 4203 0x0000025f70f03d90 code [0x0000025f70f03f20, 0x0000025f70f03ff0]
Event: 29.147 Thread 0x0000025f7fe9e380 nmethod 4170 0x0000025f70f04090 code [0x0000025f70f04300, 0x0000025f70f05118]
Event: 29.656 Thread 0x0000025f7fe70780 4204       3       com.sun.javafx.scene.EnteredExitedHandler::dispatchBubblingEvent (204 bytes)
Event: 29.657 Thread 0x0000025f7fe70780 nmethod 4204 0x0000025f69a54810 code [0x0000025f69a54c20, 0x0000025f69a57058]
Event: 29.928 Thread 0x0000025f7fe70780 4205       3       com.sun.glass.ui.View::handleMouseEvent (34 bytes)
Event: 29.928 Thread 0x0000025f7fe70780 nmethod 4205 0x0000025f69a57890 code [0x0000025f69a57a40, 0x0000025f69a57cd8]
Event: 29.928 Thread 0x0000025f7fe70780 4206       3       com.sun.javafx.tk.quantum.GlassViewEventHandler::handleMouseEvent (108 bytes)
Event: 29.929 Thread 0x0000025f7fe70780 nmethod 4206 0x0000025f69a57e10 code [0x0000025f69a58020, 0x0000025f69a586c8]
Event: 29.929 Thread 0x0000025f7fe70780 4207       3       com.sun.javafx.tk.quantum.GlassViewEventHandler$$Lambda/0x0000025f0123b8d8::get (8 bytes)
Event: 29.929 Thread 0x0000025f7fe70780 nmethod 4207 0x0000025f69a58990 code [0x0000025f69a58be0, 0x0000025f69a59240]
Event: 29.929 Thread 0x0000025f7fe70780 4208       3       com.sun.javafx.tk.quantum.GlassViewEventHandler::lambda$handleMouseEvent$2 (18 bytes)
Event: 29.929 Thread 0x0000025f7fe70780 nmethod 4208 0x0000025f69a59590 code [0x0000025f69a597c0, 0x0000025f69a59da8]
Event: 29.929 Thread 0x0000025f7fe70780 4209       3       com.sun.javafx.tk.quantum.GlassViewEventHandler$MouseEventNotification::run (5 bytes)
Event: 29.929 Thread 0x0000025f7fe70780 nmethod 4209 0x0000025f69a5a090 code [0x0000025f69a5a240, 0x0000025f69a5a398]
Event: 29.929 Thread 0x0000025f7fe70780 4210   !   3       com.sun.javafx.tk.quantum.GlassViewEventHandler$MouseEventNotification::run (703 bytes)
Event: 29.930 Thread 0x0000025f7fe70780 nmethod 4210 0x0000025f69a5a490 code [0x0000025f69a5a7e0, 0x0000025f69a5bab8]

GC Heap History (4 events):
Event: 0.543 GC heap before
{Heap before GC invocations=0 (full 0):
 garbage-first heap   total reserved 4124672K, committed 258048K, used 22528K [0x0000000704400000, 0x0000000800000000)
  region size 2048K, 12 young (24576K), 0 survivors (0K)
 Metaspace       used 4996K, committed 5184K, reserved 1114112K
  class space    used 534K, committed 640K, reserved 1048576K
}
Event: 0.545 GC heap after
{Heap after GC invocations=1 (full 0):
 garbage-first heap   total reserved 4124672K, committed 258048K, used 2687K [0x0000000704400000, 0x0000000800000000)
  region size 2048K, 2 young (4096K), 2 survivors (4096K)
 Metaspace       used 4996K, committed 5184K, reserved 1114112K
  class space    used 534K, committed 640K, reserved 1048576K
}
Event: 1.132 GC heap before
{Heap before GC invocations=1 (full 0):
 garbage-first heap   total reserved 4124672K, committed 258048K, used 45695K [0x0000000704400000, 0x0000000800000000)
  region size 2048K, 24 young (49152K), 2 survivors (4096K)
 Metaspace       used 12077K, committed 12288K, reserved 1114112K
  class space    used 1873K, committed 1984K, reserved 1048576K
}
Event: 1.137 GC heap after
{Heap after GC invocations=2 (full 0):
 garbage-first heap   total reserved 4124672K, committed 258048K, used 6829K [0x0000000704400000, 0x0000000800000000)
  region size 2048K, 3 young (6144K), 3 survivors (6144K)
 Metaspace       used 12077K, committed 12288K, reserved 1114112K
  class space    used 1873K, committed 1984K, reserved 1048576K
}

Dll operation events (20 events):
Event: 0.353 Loaded shared library C:\Users\Dell\.openjfx\cache\22.0.1+7\amd64\api-ms-win-crt-math-l1-1-0.dll
Event: 0.354 Loaded shared library C:\Users\Dell\.openjfx\cache\22.0.1+7\amd64\api-ms-win-crt-multibyte-l1-1-0.dll
Event: 0.356 Loaded shared library C:\Users\Dell\.openjfx\cache\22.0.1+7\amd64\api-ms-win-crt-private-l1-1-0.dll
Event: 0.358 Loaded shared library C:\Users\Dell\.openjfx\cache\22.0.1+7\amd64\api-ms-win-crt-process-l1-1-0.dll
Event: 0.359 Loaded shared library C:\Users\Dell\.openjfx\cache\22.0.1+7\amd64\api-ms-win-crt-runtime-l1-1-0.dll
Event: 0.361 Loaded shared library C:\Users\Dell\.openjfx\cache\22.0.1+7\amd64\api-ms-win-crt-stdio-l1-1-0.dll
Event: 0.362 Loaded shared library C:\Users\Dell\.openjfx\cache\22.0.1+7\amd64\api-ms-win-crt-string-l1-1-0.dll
Event: 0.364 Loaded shared library C:\Users\Dell\.openjfx\cache\22.0.1+7\amd64\api-ms-win-crt-time-l1-1-0.dll
Event: 0.367 Loaded shared library C:\Users\Dell\.openjfx\cache\22.0.1+7\amd64\api-ms-win-crt-utility-l1-1-0.dll
Event: 0.378 Loaded shared library C:\Users\Dell\.openjfx\cache\22.0.1+7\amd64\ucrtbase.dll
Event: 0.382 Loaded shared library C:\Users\Dell\.openjfx\cache\22.0.1+7\amd64\vcruntime140.dll
Event: 0.384 Loaded shared library C:\Users\Dell\.openjfx\cache\22.0.1+7\amd64\vcruntime140_1.dll
Event: 0.389 Loaded shared library C:\Users\Dell\.openjfx\cache\22.0.1+7\amd64\msvcp140.dll
Event: 0.391 Loaded shared library C:\Users\Dell\.openjfx\cache\22.0.1+7\amd64\msvcp140_1.dll
Event: 0.394 Loaded shared library C:\Users\Dell\.openjfx\cache\22.0.1+7\amd64\msvcp140_2.dll
Event: 0.423 Loaded shared library C:\Users\Dell\.openjfx\cache\22.0.1+7\amd64\prism_d3d.dll
Event: 0.457 Loaded shared library C:\Users\Dell\.openjfx\cache\22.0.1+7\amd64\glass.dll
Event: 0.604 Loaded shared library C:\Program Files\Java\jdk-22\bin\jimage.dll
Event: 0.808 Loaded shared library C:\Users\Dell\.openjfx\cache\22.0.1+7\amd64\javafx_font.dll
Event: 15.162 Loaded shared library C:\Users\Dell\.openjfx\cache\22.0.1+7\amd64\javafx_iio.dll

Deoptimization events (20 events):
Event: 16.377 Thread 0x0000025f45d20fd0 Uncommon trap: trap_request=0xffffffbe fr.pc=0x0000025f70ef3aa0 relative=0x0000000000000440
Event: 16.377 Thread 0x0000025f45d20fd0 Uncommon trap: reason=profile_predicate action=maybe_recompile pc=0x0000025f70ef3aa0 method=javafx.css.CompoundSelector.applies(Ljavafx/css/Styleable;[Ljava/util/Set;I)Z @ 89 c2
Event: 16.377 Thread 0x0000025f45d20fd0 DEOPT PACKING pc=0x0000025f70ef3aa0 sp=0x000000be64afb6d0
Event: 16.377 Thread 0x0000025f45d20fd0 DEOPT UNPACKING pc=0x0000025f707c7da2 sp=0x000000be64afb660 mode 2
Event: 27.035 Thread 0x0000025f45d20fd0 Uncommon trap: trap_request=0xffffffd6 fr.pc=0x0000025f70ef4400 relative=0x00000000000003a0
Event: 27.035 Thread 0x0000025f45d20fd0 Uncommon trap: reason=array_check action=maybe_recompile pc=0x0000025f70ef4400 method=javafx.css.CompoundSelector.applies(Ljavafx/css/Styleable;[Ljava/util/Set;I)Z @ 133 c2
Event: 27.035 Thread 0x0000025f45d20fd0 DEOPT PACKING pc=0x0000025f70ef4400 sp=0x000000be64af9f80
Event: 27.035 Thread 0x0000025f45d20fd0 DEOPT UNPACKING pc=0x0000025f707c7da2 sp=0x000000be64af9f08 mode 2
Event: 27.036 Thread 0x0000025f45d20fd0 Uncommon trap: trap_request=0xffffffd6 fr.pc=0x0000025f70ef4400 relative=0x00000000000003a0
Event: 27.036 Thread 0x0000025f45d20fd0 Uncommon trap: reason=array_check action=maybe_recompile pc=0x0000025f70ef4400 method=javafx.css.CompoundSelector.applies(Ljavafx/css/Styleable;[Ljava/util/Set;I)Z @ 133 c2
Event: 27.036 Thread 0x0000025f45d20fd0 DEOPT PACKING pc=0x0000025f70ef4400 sp=0x000000be64af9db0
Event: 27.036 Thread 0x0000025f45d20fd0 DEOPT UNPACKING pc=0x0000025f707c7da2 sp=0x000000be64af9d38 mode 2
Event: 27.042 Thread 0x0000025f45d20fd0 Uncommon trap: trap_request=0xffffffd6 fr.pc=0x0000025f70ef4400 relative=0x00000000000003a0
Event: 27.042 Thread 0x0000025f45d20fd0 Uncommon trap: reason=array_check action=maybe_recompile pc=0x0000025f70ef4400 method=javafx.css.CompoundSelector.applies(Ljavafx/css/Styleable;[Ljava/util/Set;I)Z @ 133 c2
Event: 27.042 Thread 0x0000025f45d20fd0 DEOPT PACKING pc=0x0000025f70ef4400 sp=0x000000be64afa3f0
Event: 27.042 Thread 0x0000025f45d20fd0 DEOPT UNPACKING pc=0x0000025f707c7da2 sp=0x000000be64afa378 mode 2
Event: 27.043 Thread 0x0000025f45d20fd0 Uncommon trap: trap_request=0xffffffd6 fr.pc=0x0000025f70ef4400 relative=0x00000000000003a0
Event: 27.043 Thread 0x0000025f45d20fd0 Uncommon trap: reason=array_check action=maybe_recompile pc=0x0000025f70ef4400 method=javafx.css.CompoundSelector.applies(Ljavafx/css/Styleable;[Ljava/util/Set;I)Z @ 133 c2
Event: 27.043 Thread 0x0000025f45d20fd0 DEOPT PACKING pc=0x0000025f70ef4400 sp=0x000000be64afa290
Event: 27.043 Thread 0x0000025f45d20fd0 DEOPT UNPACKING pc=0x0000025f707c7da2 sp=0x000000be64afa218 mode 2

Classes loaded (20 events):
Event: 13.708 Loading class sun/text/resources/JavaTimeSupplementary_en_US
Event: 13.708 Loading class sun/text/resources/JavaTimeSupplementary_en_US done
Event: 13.708 Loading class java/util/MissingResourceException
Event: 13.708 Loading class java/util/MissingResourceException done
Event: 13.708 Loading class sun/util/resources/ParallelListResourceBundle$KeySet
Event: 13.708 Loading class sun/util/resources/ParallelListResourceBundle$KeySet done
Event: 13.770 Loading class java/util/stream/MatchOps$MatchKind
Event: 13.770 Loading class java/util/stream/MatchOps$MatchKind done
Event: 13.770 Loading class java/util/stream/MatchOps
Event: 13.770 Loading class java/util/stream/MatchOps done
Event: 13.770 Loading class java/util/stream/MatchOps$MatchOp
Event: 13.770 Loading class java/util/stream/MatchOps$MatchOp done
Event: 13.770 Loading class java/util/stream/MatchOps$BooleanTerminalSink
Event: 13.770 Loading class java/util/stream/MatchOps$BooleanTerminalSink done
Event: 13.770 Loading class java/util/stream/MatchOps$1MatchSink
Event: 13.770 Loading class java/util/stream/MatchOps$1MatchSink done
Event: 13.956 Loading class java/lang/FdLibm$Acos
Event: 13.956 Loading class java/lang/FdLibm$Acos done
Event: 40.808 Loading class jdk/internal/misc/Signal$1
Event: 40.808 Loading class jdk/internal/misc/Signal$1 done

Classes unloaded (0 events):
No events

Classes redefined (0 events):
No events

Internal exceptions (20 events):
Event: 1.093 Thread 0x0000025f45d20fd0 Exception <a 'java/lang/ClassNotFoundException'{0x0000000711228e60}: com/sun/javafx/scene/control/skin/resources/controls_en_US> (0x0000000711228e60) 
thrown [s\open\src\hotspot\share\prims\jni.cpp, line 539]
Event: 1.120 Thread 0x0000025f45d20fd0 Exception <a 'java/lang/NoSuchMethodError'{0x0000000711009838}: 'void java.lang.invoke.DirectMethodHandle$Holder.invokeSpecial(java.lang.Object, java.lang.Object, java.lang.Object, java.lang.Object, java.lang.Object, java.lang.Object)'> (0x0000000711009838) 
thrown [s\open\src\hotspot\share\interpreter\linkResolver.cpp, line 774]
Event: 1.176 Thread 0x0000025f45d20fd0 Exception <a 'java/lang/NoSuchMethodError'{0x0000000713d80098}: 'int java.lang.invoke.DirectMethodHandle$Holder.invokeSpecial(java.lang.Object, java.lang.Object, int)'> (0x0000000713d80098) 
thrown [s\open\src\hotspot\share\interpreter\linkResolver.cpp, line 774]
Event: 1.177 Thread 0x0000025f45d20fd0 Exception <a 'java/lang/NoSuchMethodError'{0x0000000713d877e8}: 'int java.lang.invoke.DirectMethodHandle$Holder.invokeSpecial(java.lang.Object, java.lang.Object, java.lang.Object, int)'> (0x0000000713d877e8) 
thrown [s\open\src\hotspot\share\interpreter\linkResolver.cpp, line 774]
Event: 1.178 Thread 0x0000025f45d20fd0 Exception <a 'java/lang/NoSuchMethodError'{0x0000000713d99c98}: 'java.lang.Object java.lang.invoke.DirectMethodHandle$Holder.invokeStatic(java.lang.Object, java.lang.Object, java.lang.Object, java.lang.Object, int)'> (0x0000000713d99c98) 
thrown [s\open\src\hotspot\share\interpreter\linkResolver.cpp, line 774]
Event: 1.179 Thread 0x0000025f45d20fd0 Exception <a 'java/lang/NoSuchMethodError'{0x0000000713da1fc0}: 'int java.lang.invoke.DirectMethodHandle$Holder.invokeSpecial(java.lang.Object, java.lang.Object, java.lang.Object)'> (0x0000000713da1fc0) 
thrown [s\open\src\hotspot\share\interpreter\linkResolver.cpp, line 774]
Event: 1.188 Thread 0x0000025f45d20fd0 Exception <a 'java/lang/NoSuchMethodError'{0x0000000713df88f0}: 'java.lang.Object java.lang.invoke.DirectMethodHandle$Holder.newInvokeSpecial(java.lang.Object, java.lang.Object, int)'> (0x0000000713df88f0) 
thrown [s\open\src\hotspot\share\interpreter\linkResolver.cpp, line 774]
Event: 1.232 Thread 0x0000025f45601570 Exception <a 'java/lang/NoSuchMethodError'{0x0000000713b44a28}: 'int java.lang.invoke.DirectMethodHandle$Holder.invokeStaticInit(java.lang.Object, java.lang.Object)'> (0x0000000713b44a28) 
thrown [s\open\src\hotspot\share\interpreter\linkResolver.cpp, line 774]
Event: 1.242 Thread 0x0000025f45d20fd0 Exception <a 'java/lang/NoSuchMethodError'{0x0000000713a747c8}: 'long java.lang.invoke.DirectMethodHandle$Holder.invokeStatic(java.lang.Object, java.lang.Object, java.lang.Object)'> (0x0000000713a747c8) 
thrown [s\open\src\hotspot\share\interpreter\linkResolver.cpp, line 774]
Event: 1.243 Thread 0x0000025f45d20fd0 Exception <a 'java/lang/NoSuchMethodError'{0x0000000713a77bc8}: 'long java.lang.invoke.DirectMethodHandle$Holder.invokeStaticInit(java.lang.Object, java.lang.Object, java.lang.Object)'> (0x0000000713a77bc8) 
thrown [s\open\src\hotspot\share\interpreter\linkResolver.cpp, line 774]
Event: 1.244 Thread 0x0000025f45d20fd0 Exception <a 'java/lang/NoSuchMethodError'{0x0000000713a8c958}: 'java.lang.Object java.lang.invoke.DirectMethodHandle$Holder.newInvokeSpecial(java.lang.Object, java.lang.Object, long)'> (0x0000000713a8c958) 
thrown [s\open\src\hotspot\share\interpreter\linkResolver.cpp, line 774]
Event: 1.244 Thread 0x0000025f45d20fd0 Exception <a 'java/lang/NoSuchMethodError'{0x0000000713a902a0}: 'java.lang.Object java.lang.invoke.Invokers$Holder.linkToTargetMethod(java.lang.Object, long, java.lang.Object)'> (0x0000000713a902a0) 
thrown [s\open\src\hotspot\share\interpreter\linkResolver.cpp, line 774]
Event: 13.643 Thread 0x0000025f45d20fd0 Exception <a 'sun/nio/fs/WindowsException'{0x0000000712f5b450}> (0x0000000712f5b450) 
thrown [s\open\src\hotspot\share\prims\jni.cpp, line 520]
Event: 13.645 Thread 0x0000025f45d20fd0 Exception <a 'java/lang/NoSuchMethodError'{0x0000000712f642c8}: 'java.lang.Object java.lang.invoke.DirectMethodHandle$Holder.invokeStatic(java.lang.Object, int, java.lang.Object)'> (0x0000000712f642c8) 
thrown [s\open\src\hotspot\share\interpreter\linkResolver.cpp, line 774]
Event: 13.777 Thread 0x0000025f45d20fd0 Exception <a 'java/io/FileNotFoundException'{0x0000000712d7de98}> (0x0000000712d7de98) 
thrown [s\open\src\hotspot\share\prims\jni.cpp, line 520]
Event: 13.902 Thread 0x0000025f45d20fd0 Exception <a 'java/lang/NoSuchMethodError'{0x00000007125557c8}: 'void java.lang.invoke.DirectMethodHandle$Holder.invokeSpecial(java.lang.Object, java.lang.Object, int, int)'> (0x00000007125557c8) 
thrown [s\open\src\hotspot\share\interpreter\linkResolver.cpp, line 774]
Event: 13.903 Thread 0x0000025f45d20fd0 Exception <a 'java/lang/NoSuchMethodError'{0x000000071255b9f0}: 'java.lang.Object java.lang.invoke.DirectMethodHandle$Holder.newInvokeSpecial(java.lang.Object, java.lang.Object, int, int)'> (0x000000071255b9f0) 
thrown [s\open\src\hotspot\share\interpreter\linkResolver.cpp, line 774]
Event: 13.903 Thread 0x0000025f45d20fd0 Exception <a 'java/lang/NoSuchMethodError'{0x000000071255fbc8}: 'java.lang.Object java.lang.invoke.DirectMethodHandle$Holder.invokeSpecial(java.lang.Object, java.lang.Object, java.lang.Object, int, int)'> (0x000000071255fbc8) 
thrown [s\open\src\hotspot\share\interpreter\linkResolver.cpp, line 774]
Event: 13.969 Thread 0x0000025f45601570 Exception <a 'java/lang/NoSuchMethodError'{0x000000071234e270}: 'java.lang.Object java.lang.invoke.DirectMethodHandle$Holder.invokeStaticInit(java.lang.Object, int)'> (0x000000071234e270) 
thrown [s\open\src\hotspot\share\interpreter\linkResolver.cpp, line 774]
Event: 15.223 Thread 0x0000025f45d20fd0 Exception <a 'java/io/FileNotFoundException'{0x000000071217f2c0}> (0x000000071217f2c0) 
thrown [s\open\src\hotspot\share\prims\jni.cpp, line 520]

ZGC Phase Switch (0 events):
No events

VM Operations (20 events):
Event: 13.704 Executing VM operation: HandshakeAllThreads (Deoptimize) done
Event: 13.897 Executing VM operation: ICBufferFull
Event: 13.897 Executing VM operation: ICBufferFull done
Event: 14.897 Executing VM operation: Cleanup
Event: 14.897 Executing VM operation: Cleanup done
Event: 15.323 Executing VM operation: ICBufferFull
Event: 15.323 Executing VM operation: ICBufferFull done
Event: 16.323 Executing VM operation: Cleanup
Event: 16.323 Executing VM operation: Cleanup done
Event: 17.323 Executing VM operation: Cleanup
Event: 17.323 Executing VM operation: Cleanup done
Event: 27.330 Executing VM operation: Cleanup
Event: 27.330 Executing VM operation: Cleanup done
Event: 28.331 Executing VM operation: Cleanup
Event: 28.331 Executing VM operation: Cleanup done
Event: 29.332 Executing VM operation: Cleanup
Event: 29.332 Executing VM operation: Cleanup done
Event: 30.332 Executing VM operation: Cleanup
Event: 30.332 Executing VM operation: Cleanup done
Event: 40.810 Executing VM operation: Exit

Memory protections (0 events):
No events

Nmethod flushes (0 events):
No events

Events (20 events):
Event: 13.644 Thread 0x0000025f7fe70780 Thread added: 0x0000025f453c9fd0
Event: 13.708 Thread 0x0000025f7fe70780 Thread added: 0x0000025f467484f0
Event: 14.591 Thread 0x0000025f453c9fd0 Thread exited: 0x0000025f453c9fd0
Event: 14.591 Thread 0x0000025f467484f0 Thread exited: 0x0000025f467484f0
Event: 15.223 Thread 0x0000025f7fe70780 Thread added: 0x0000025f452ea240
Event: 15.223 Thread 0x0000025f7fe70780 Thread added: 0x0000025f453c9fd0
Event: 15.929 Thread 0x0000025f453c9fd0 Thread exited: 0x0000025f453c9fd0
Event: 15.929 Thread 0x0000025f452ea240 Thread exited: 0x0000025f452ea240
Event: 16.381 Thread 0x0000025f7fe70780 Thread added: 0x0000025f452ea240
Event: 16.922 Thread 0x0000025f452ea240 Thread exited: 0x0000025f452ea240
Event: 29.124 Thread 0x0000025f7fe6fb20 Thread added: 0x0000025f452ea240
Event: 29.124 Thread 0x0000025f7fe6fb20 Thread added: 0x0000025f7fe9e380
Event: 29.656 Thread 0x0000025f7fe9e380 Thread exited: 0x0000025f7fe9e380
Event: 29.656 Thread 0x0000025f452ea240 Thread exited: 0x0000025f452ea240
Event: 40.809 Thread 0x0000025f7fe5fb50 Thread added: 0x0000025f463fd320
Event: 40.809 Thread 0x0000025f463fd320 Thread added: 0x0000025f463ff3f0
Event: 40.809 Thread 0x0000025f463fd320 Thread added: 0x0000025f463fd9b0
Event: 40.810 Thread 0x0000025f463ff3f0 Thread exited: 0x0000025f463ff3f0
Event: 40.810 Thread 0x0000025f463fd9b0 Thread exited: 0x0000025f463fd9b0
Event: 40.810 Thread 0x0000025f463fd320 Before exit entered


Dynamic libraries:
0x00007ff7ceb90000 - 0x00007ff7ceba0000 	C:\Program Files\Java\jdk-22\bin\java.exe
0x00007ffa15770000 - 0x00007ffa15987000 	C:\WINDOWS\SYSTEM32\ntdll.dll
0x00007ffa13cb0000 - 0x00007ffa13d74000 	C:\WINDOWS\System32\KERNEL32.DLL
0x00007ffa12db0000 - 0x00007ffa1316a000 	C:\WINDOWS\System32\KERNELBASE.dll
0x00007ffa131f0000 - 0x00007ffa13301000 	C:\WINDOWS\System32\ucrtbase.dll
0x00007ffa02460000 - 0x00007ffa0247b000 	C:\Program Files\Java\jdk-22\bin\VCRUNTIME140.dll
0x00007ffa01ae0000 - 0x00007ffa01af7000 	C:\Program Files\Java\jdk-22\bin\jli.dll
0x00007ffa13530000 - 0x00007ffa136de000 	C:\WINDOWS\System32\USER32.dll
0x00007ff9f9920000 - 0x00007ff9f9bb2000 	C:\WINDOWS\WinSxS\amd64_microsoft.windows.common-controls_6595b64144ccf1df_6.0.22621.4541_none_2710d1c57384c085\COMCTL32.dll
0x00007ffa12d80000 - 0x00007ffa12da6000 	C:\WINDOWS\System32\win32u.dll
0x00007ffa14170000 - 0x00007ffa14217000 	C:\WINDOWS\System32\msvcrt.dll
0x00007ffa14540000 - 0x00007ffa14569000 	C:\WINDOWS\System32\GDI32.dll
0x00007ffa12af0000 - 0x00007ffa12c0b000 	C:\WINDOWS\System32\gdi32full.dll
0x00007ffa12a50000 - 0x00007ffa12aea000 	C:\WINDOWS\System32\msvcp_win.dll
0x00007ffa13730000 - 0x00007ffa13761000 	C:\WINDOWS\System32\IMM32.DLL
0x00007ffa087f0000 - 0x00007ffa087fc000 	C:\Program Files\Java\jdk-22\bin\vcruntime140_1.dll
0x00007ff9cf4d0000 - 0x00007ff9cf55e000 	C:\Program Files\Java\jdk-22\bin\msvcp140.dll
0x00007ff9463e0000 - 0x00007ff947129000 	C:\Program Files\Java\jdk-22\bin\server\jvm.dll
0x00007ffa143f0000 - 0x00007ffa144a2000 	C:\WINDOWS\System32\ADVAPI32.dll
0x00007ffa13fd0000 - 0x00007ffa14077000 	C:\WINDOWS\System32\sechost.dll
0x00007ffa12cd0000 - 0x00007ffa12cf8000 	C:\WINDOWS\System32\bcrypt.dll
0x00007ffa13b90000 - 0x00007ffa13ca4000 	C:\WINDOWS\System32\RPCRT4.dll
0x00007ffa144c0000 - 0x00007ffa14531000 	C:\WINDOWS\System32\WS2_32.dll
0x00007ffa118a0000 - 0x00007ffa118ed000 	C:\WINDOWS\SYSTEM32\POWRPROF.dll
0x00007ffa089e0000 - 0x00007ffa08a14000 	C:\WINDOWS\SYSTEM32\WINMM.dll
0x00007ffa03be0000 - 0x00007ffa03bea000 	C:\WINDOWS\SYSTEM32\VERSION.dll
0x00007ffa11880000 - 0x00007ffa11893000 	C:\WINDOWS\SYSTEM32\UMPDC.dll
0x00007ffa11b40000 - 0x00007ffa11b58000 	C:\WINDOWS\SYSTEM32\kernel.appcore.dll
0x00007ffa084d0000 - 0x00007ffa084da000 	C:\Program Files\Java\jdk-22\bin\jimage.dll
0x00007ffa0fdd0000 - 0x00007ffa10002000 	C:\WINDOWS\SYSTEM32\DBGHELP.DLL
0x00007ffa137f0000 - 0x00007ffa13b7f000 	C:\WINDOWS\System32\combase.dll
0x00007ffa15650000 - 0x00007ffa15727000 	C:\WINDOWS\System32\OLEAUT32.dll
0x00007ffa020d0000 - 0x00007ffa02102000 	C:\WINDOWS\SYSTEM32\dbgcore.DLL
0x00007ffa13170000 - 0x00007ffa131eb000 	C:\WINDOWS\System32\bcryptPrimitives.dll
0x00007ffa084a0000 - 0x00007ffa084af000 	C:\Program Files\Java\jdk-22\bin\instrument.dll
0x00007ffa009b0000 - 0x00007ffa009ce000 	C:\Program Files\Java\jdk-22\bin\java.dll
0x00007ffa14830000 - 0x00007ffa150a8000 	C:\WINDOWS\System32\SHELL32.dll
0x00007ffa14670000 - 0x00007ffa14815000 	C:\WINDOWS\System32\ole32.dll
0x00007ffa10950000 - 0x00007ffa11258000 	C:\WINDOWS\SYSTEM32\windows.storage.dll
0x00007ffa10810000 - 0x00007ffa1094f000 	C:\WINDOWS\SYSTEM32\wintypes.dll
0x00007ffa15550000 - 0x00007ffa1564a000 	C:\WINDOWS\System32\SHCORE.dll
0x00007ffa13de0000 - 0x00007ffa13e3e000 	C:\WINDOWS\System32\shlwapi.dll
0x00007ffa12980000 - 0x00007ffa129ab000 	C:\WINDOWS\SYSTEM32\profapi.dll
0x00007ff9ca1a0000 - 0x00007ff9ca277000 	C:\Program Files\Java\jdk-22\bin\jsvml.dll
0x00007ffa03a80000 - 0x00007ffa03a90000 	C:\Program Files\Java\jdk-22\bin\net.dll
0x00007ffa11fb0000 - 0x00007ffa12019000 	C:\WINDOWS\system32\mswsock.dll
0x00007ff9f5930000 - 0x00007ff9f5946000 	C:\Program Files\Java\jdk-22\bin\nio.dll
0x00007ff9f47a0000 - 0x00007ff9f47b7000 	C:\Program Files\Java\jdk-22\bin\zip.dll
0x00007ff9f3320000 - 0x00007ff9f333a000 	C:\Program Files\JetBrains\IntelliJ IDEA 2024.2.3\bin\breakgen64.dll
0x0000025f45d40000 - 0x0000025f45d43000 	C:\Users\Dell\.openjfx\cache\22.0.1+7\amd64\api-ms-win-core-console-l1-1-0.dll
0x0000025f45d50000 - 0x0000025f45d53000 	C:\Users\Dell\.openjfx\cache\22.0.1+7\amd64\api-ms-win-core-console-l1-2-0.dll
0x0000025f45d60000 - 0x0000025f45d63000 	C:\Users\Dell\.openjfx\cache\22.0.1+7\amd64\api-ms-win-core-datetime-l1-1-0.dll
0x0000025f45d70000 - 0x0000025f45d73000 	C:\Users\Dell\.openjfx\cache\22.0.1+7\amd64\api-ms-win-core-debug-l1-1-0.dll
0x0000025f45d80000 - 0x0000025f45d83000 	C:\Users\Dell\.openjfx\cache\22.0.1+7\amd64\api-ms-win-core-errorhandling-l1-1-0.dll
0x0000025f45d90000 - 0x0000025f45d94000 	C:\Users\Dell\.openjfx\cache\22.0.1+7\amd64\api-ms-win-core-file-l1-1-0.dll
0x0000025f45da0000 - 0x0000025f45da3000 	C:\Users\Dell\.openjfx\cache\22.0.1+7\amd64\api-ms-win-core-file-l1-2-0.dll
0x0000025f45db0000 - 0x0000025f45db3000 	C:\Users\Dell\.openjfx\cache\22.0.1+7\amd64\api-ms-win-core-file-l2-1-0.dll
0x0000025f45dc0000 - 0x0000025f45dc3000 	C:\Users\Dell\.openjfx\cache\22.0.1+7\amd64\api-ms-win-core-handle-l1-1-0.dll
0x0000025f45dd0000 - 0x0000025f45dd3000 	C:\Users\Dell\.openjfx\cache\22.0.1+7\amd64\api-ms-win-core-heap-l1-1-0.dll
0x0000025f45de0000 - 0x0000025f45de3000 	C:\Users\Dell\.openjfx\cache\22.0.1+7\amd64\api-ms-win-core-interlocked-l1-1-0.dll
0x0000025f45df0000 - 0x0000025f45df3000 	C:\Users\Dell\.openjfx\cache\22.0.1+7\amd64\api-ms-win-core-libraryloader-l1-1-0.dll
0x0000025f45e00000 - 0x0000025f45e03000 	C:\Users\Dell\.openjfx\cache\22.0.1+7\amd64\api-ms-win-core-localization-l1-2-0.dll
0x0000025f45e10000 - 0x0000025f45e13000 	C:\Users\Dell\.openjfx\cache\22.0.1+7\amd64\api-ms-win-core-memory-l1-1-0.dll
0x0000025f45e20000 - 0x0000025f45e23000 	C:\Users\Dell\.openjfx\cache\22.0.1+7\amd64\api-ms-win-core-namedpipe-l1-1-0.dll
0x0000025f45e30000 - 0x0000025f45e33000 	C:\Users\Dell\.openjfx\cache\22.0.1+7\amd64\api-ms-win-core-processenvironment-l1-1-0.dll
0x0000025f45e40000 - 0x0000025f45e43000 	C:\Users\Dell\.openjfx\cache\22.0.1+7\amd64\api-ms-win-core-processthreads-l1-1-0.dll
0x0000025f45e50000 - 0x0000025f45e53000 	C:\Users\Dell\.openjfx\cache\22.0.1+7\amd64\api-ms-win-core-processthreads-l1-1-1.dll
0x0000025f45e60000 - 0x0000025f45e63000 	C:\Users\Dell\.openjfx\cache\22.0.1+7\amd64\api-ms-win-core-profile-l1-1-0.dll
0x0000025f46e40000 - 0x0000025f46e43000 	C:\Users\Dell\.openjfx\cache\22.0.1+7\amd64\api-ms-win-core-rtlsupport-l1-1-0.dll
0x0000025f46e50000 - 0x0000025f46e53000 	C:\Users\Dell\.openjfx\cache\22.0.1+7\amd64\api-ms-win-core-string-l1-1-0.dll
0x0000025f46e60000 - 0x0000025f46e63000 	C:\Users\Dell\.openjfx\cache\22.0.1+7\amd64\api-ms-win-core-synch-l1-1-0.dll
0x0000025f46e70000 - 0x0000025f46e73000 	C:\Users\Dell\.openjfx\cache\22.0.1+7\amd64\api-ms-win-core-synch-l1-2-0.dll
0x0000025f46e80000 - 0x0000025f46e83000 	C:\Users\Dell\.openjfx\cache\22.0.1+7\amd64\api-ms-win-core-sysinfo-l1-1-0.dll
0x0000025f46e90000 - 0x0000025f46e93000 	C:\Users\Dell\.openjfx\cache\22.0.1+7\amd64\api-ms-win-core-timezone-l1-1-0.dll
0x0000025f46ea0000 - 0x0000025f46ea3000 	C:\Users\Dell\.openjfx\cache\22.0.1+7\amd64\api-ms-win-core-util-l1-1-0.dll
0x0000025f46eb0000 - 0x0000025f46eb3000 	C:\Users\Dell\.openjfx\cache\22.0.1+7\amd64\api-ms-win-crt-conio-l1-1-0.dll
0x0000025f46ec0000 - 0x0000025f46ec4000 	C:\Users\Dell\.openjfx\cache\22.0.1+7\amd64\api-ms-win-crt-convert-l1-1-0.dll
0x0000025f46ed0000 - 0x0000025f46ed3000 	C:\Users\Dell\.openjfx\cache\22.0.1+7\amd64\api-ms-win-crt-environment-l1-1-0.dll
0x0000025f46ee0000 - 0x0000025f46ee3000 	C:\Users\Dell\.openjfx\cache\22.0.1+7\amd64\api-ms-win-crt-filesystem-l1-1-0.dll
0x0000025f46ef0000 - 0x0000025f46ef3000 	C:\Users\Dell\.openjfx\cache\22.0.1+7\amd64\api-ms-win-crt-heap-l1-1-0.dll
0x0000025f46f00000 - 0x0000025f46f03000 	C:\Users\Dell\.openjfx\cache\22.0.1+7\amd64\api-ms-win-crt-locale-l1-1-0.dll
0x0000025f46f10000 - 0x0000025f46f15000 	C:\Users\Dell\.openjfx\cache\22.0.1+7\amd64\api-ms-win-crt-math-l1-1-0.dll
0x0000025f46f20000 - 0x0000025f46f25000 	C:\Users\Dell\.openjfx\cache\22.0.1+7\amd64\api-ms-win-crt-multibyte-l1-1-0.dll
0x0000025f46f30000 - 0x0000025f46f40000 	C:\Users\Dell\.openjfx\cache\22.0.1+7\amd64\api-ms-win-crt-private-l1-1-0.dll
0x0000025f46f40000 - 0x0000025f46f43000 	C:\Users\Dell\.openjfx\cache\22.0.1+7\amd64\api-ms-win-crt-process-l1-1-0.dll
0x0000025f46f50000 - 0x0000025f46f54000 	C:\Users\Dell\.openjfx\cache\22.0.1+7\amd64\api-ms-win-crt-runtime-l1-1-0.dll
0x0000025f46f60000 - 0x0000025f46f64000 	C:\Users\Dell\.openjfx\cache\22.0.1+7\amd64\api-ms-win-crt-stdio-l1-1-0.dll
0x0000025f46f70000 - 0x0000025f46f74000 	C:\Users\Dell\.openjfx\cache\22.0.1+7\amd64\api-ms-win-crt-string-l1-1-0.dll
0x0000025f46f80000 - 0x0000025f46f83000 	C:\Users\Dell\.openjfx\cache\22.0.1+7\amd64\api-ms-win-crt-time-l1-1-0.dll
0x0000025f46f90000 - 0x0000025f46f93000 	C:\Users\Dell\.openjfx\cache\22.0.1+7\amd64\api-ms-win-crt-utility-l1-1-0.dll
0x00007ff9c86c0000 - 0x00007ff9c87bc000 	C:\Users\Dell\.openjfx\cache\22.0.1+7\amd64\ucrtbase.dll
0x00007ff9e73f0000 - 0x00007ff9e740b000 	C:\Users\Dell\.openjfx\cache\22.0.1+7\amd64\vcruntime140.dll
0x00007ff9fdf30000 - 0x00007ff9fdf3c000 	C:\Users\Dell\.openjfx\cache\22.0.1+7\amd64\vcruntime140_1.dll
0x00007ff9cbdc0000 - 0x00007ff9cbe4e000 	C:\Users\Dell\.openjfx\cache\22.0.1+7\amd64\msvcp140.dll
0x00007ff9fdb80000 - 0x00007ff9fdb89000 	C:\Users\Dell\.openjfx\cache\22.0.1+7\amd64\msvcp140_1.dll
0x00007ff9da9e0000 - 0x00007ff9daa21000 	C:\Users\Dell\.openjfx\cache\22.0.1+7\amd64\msvcp140_2.dll
0x00007ff9df640000 - 0x00007ff9df670000 	C:\Users\Dell\.openjfx\cache\22.0.1+7\amd64\prism_d3d.dll
0x00007ff9b3090000 - 0x00007ff9b3238000 	C:\WINDOWS\system32\d3d9.dll
0x00007ffa0fc30000 - 0x00007ffa0fc5b000 	C:\WINDOWS\SYSTEM32\dwmapi.dll
0x00007ffa0fca0000 - 0x00007ffa0fcd7000 	C:\WINDOWS\SYSTEM32\dxcore.dll
0x00007ffa0f9e0000 - 0x00007ffa0fa91000 	C:\WINDOWS\system32\uxtheme.dll
0x00007ff9b2e30000 - 0x00007ff9b308f000 	C:\WINDOWS\System32\DriverStore\FileRepository\iigd_dch.inf_amd64_a66e3c7509fdda6f\igdumdim64.dll
0x00007ff9b1050000 - 0x00007ff9b2599000 	C:\WINDOWS\System32\DriverStore\FileRepository\iigd_dch.inf_amd64_a66e3c7509fdda6f\igd9dxva64.dll
0x00007ffa150b0000 - 0x00007ffa15524000 	C:\WINDOWS\System32\SETUPAPI.dll
0x00007ffa12710000 - 0x00007ffa1275e000 	C:\WINDOWS\SYSTEM32\cfgmgr32.dll
0x00007ff9af320000 - 0x00007ff9b104b000 	C:\WINDOWS\System32\DriverStore\FileRepository\iigd_dch.inf_amd64_a66e3c7509fdda6f\media_bin_64.dll
0x00007ffa07fd0000 - 0x00007ffa0840e000 	C:\WINDOWS\System32\DriverStore\FileRepository\iigd_dch.inf_amd64_a66e3c7509fdda6f\igdgmm64.dll
0x00007ffa0d770000 - 0x00007ffa0d7b9000 	C:\WINDOWS\SYSTEM32\directxdatabasehelper.dll
0x00007ff9d8580000 - 0x00007ff9d85c5000 	C:\Users\Dell\.openjfx\cache\22.0.1+7\amd64\glass.dll
0x00007ffa14570000 - 0x00007ffa14670000 	C:\WINDOWS\System32\COMDLG32.dll
0x00007ffa13e60000 - 0x00007ffa13fc1000 	C:\WINDOWS\System32\MSCTF.dll
0x00007ff9b2e00000 - 0x00007ff9b2e27000 	C:\WINDOWS\System32\DriverStore\FileRepository\iigd_dch.inf_amd64_a66e3c7509fdda6f\igdinfo64.dll
0x00007ffa03cc0000 - 0x00007ffa07d02000 	C:\WINDOWS\System32\DriverStore\FileRepository\iigd_dch.inf_amd64_a66e3c7509fdda6f\igc64.dll
0x00007ffa13480000 - 0x00007ffa13530000 	C:\WINDOWS\System32\clbcatq.dll
0x00007ffa00430000 - 0x00007ffa005ad000 	C:\Windows\System32\Windows.UI.dll
0x00007ff9ff250000 - 0x00007ff9ff3c5000 	C:\Windows\System32\Windows.UI.Immersive.dll
0x00007ff9e0520000 - 0x00007ff9e0535000 	C:\Users\Dell\.openjfx\cache\22.0.1+7\amd64\javafx_font.dll
0x00007ffa0e1a0000 - 0x00007ffa0e413000 	C:\WINDOWS\SYSTEM32\dwrite.dll
0x00007ffa0f7b0000 - 0x00007ffa0f960000 	C:\WINDOWS\SYSTEM32\WindowsCodecs.dll
0x00007ff9f8780000 - 0x00007ff9f87de000 	C:\WINDOWS\system32\dataexchange.dll
0x00007ffa0b4e0000 - 0x00007ffa0b784000 	C:\WINDOWS\system32\twinapi.appcore.dll
0x00007ff9d0670000 - 0x00007ff9d06a2000 	C:\Program Files\Common Files\Microsoft Shared\Ink\rtscom.dll
0x00007ff9fd490000 - 0x00007ff9fd5d5000 	C:\WINDOWS\SYSTEM32\textinputframework.dll
0x00007ffa0f310000 - 0x00007ffa0f443000 	C:\WINDOWS\SYSTEM32\CoreMessaging.dll
0x00007ffa0cb20000 - 0x00007ffa0ce8d000 	C:\WINDOWS\SYSTEM32\CoreUIComponents.dll
0x00007ffa122e0000 - 0x00007ffa122ec000 	C:\WINDOWS\SYSTEM32\CRYPTBASE.DLL
0x00007ff9d0640000 - 0x00007ff9d066d000 	C:\Users\Dell\.openjfx\cache\22.0.1+7\amd64\javafx_iio.dll

dbghelp: loaded successfully - version: 4.0.5 - missing functions: none
symbol engine: initialized successfully - sym options: 0x614 - pdb path: .;C:\Program Files\Java\jdk-22\bin;C:\WINDOWS\SYSTEM32;C:\WINDOWS\WinSxS\amd64_microsoft.windows.common-controls_6595b64144ccf1df_6.0.22621.4541_none_2710d1c57384c085;C:\Program Files\Java\jdk-22\bin\server;C:\Program Files\JetBrains\IntelliJ IDEA 2024.2.3\bin;C:\Users\Dell\.openjfx\cache\22.0.1+7\amd64;C:\WINDOWS\System32\DriverStore\FileRepository\iigd_dch.inf_amd64_a66e3c7509fdda6f;C:\Program Files\Common Files\Microsoft Shared\Ink

VM Arguments:
jvm_args: --enable-preview -javaagent:C:\Program Files\JetBrains\IntelliJ IDEA 2024.2.3\lib\idea_rt.jar=63190:C:\Program Files\JetBrains\IntelliJ IDEA 2024.2.3\bin -Dfile.encoding=UTF-8 -Dsun.stdout.encoding=UTF-8 -Dsun.stderr.encoding=UTF-8 --module-path=C:\Users\Dell\.m2\repository\org\openjfx\javafx-controls\22.0.1\javafx-controls-22.0.1-win.jar;C:\Users\Dell\IdeaProjects\json-20240303.jar;C:\Users\Dell\IdeaProjects\ConnectHub\target\classes;C:\Users\Dell\.m2\repository\org\openjfx\javafx-graphics\22.0.1\javafx-graphics-22.0.1-win.jar;C:\Users\Dell\.m2\repository\org\openjfx\javafx-base\22.0.1\javafx-base-22.0.1-win.jar;C:\Users\Dell\.m2\repository\org\glassfish\javax.json\1.1.4\javax.json-1.1.4.jar;C:\Users\Dell\.m2\repository\org\openjfx\javafx-fxml\22.0.1\javafx-fxml-22.0.1-win.jar -Djdk.module.main=connecthub 
java_command: connecthub/connecthub.UserAccountManagement.Frontend.LoginPage
java_class_path (initial): C:\Users\Dell\.m2\repository\org\openjfx\javafx-controls\22.0.1\javafx-controls-22.0.1.jar;C:\Users\Dell\.m2\repository\org\openjfx\javafx-graphics\22.0.1\javafx-graphics-22.0.1.jar;C:\Users\Dell\.m2\repository\org\openjfx\javafx-base\22.0.1\javafx-base-22.0.1.jar;C:\Users\Dell\.m2\repository\org\openjfx\javafx-fxml\22.0.1\javafx-fxml-22.0.1.jar
Launcher Type: SUN_STANDARD

[Global flags]
     intx CICompilerCount                          = 4                                         {product} {ergonomic}
     uint ConcGCThreads                            = 2                                         {product} {ergonomic}
     uint G1ConcRefinementThreads                  = 8                                         {product} {ergonomic}
   size_t G1HeapRegionSize                         = 2097152                                   {product} {ergonomic}
   size_t InitialHeapSize                          = 264241152                                 {product} {ergonomic}
   size_t MarkStackSize                            = 4194304                                   {product} {ergonomic}
   size_t MaxHeapSize                              = 4223664128                                {product} {ergonomic}
   size_t MaxNewSize                               = 2533359616                                {product} {ergonomic}
   size_t MinHeapDeltaBytes                        = 2097152                                   {product} {ergonomic}
   size_t MinHeapSize                              = 8388608                                   {product} {ergonomic}
    uintx NonNMethodCodeHeapSize                   = 5839372                                {pd product} {ergonomic}
    uintx NonProfiledCodeHeapSize                  = 122909434                              {pd product} {ergonomic}
    uintx ProfiledCodeHeapSize                     = 122909434                              {pd product} {ergonomic}
    uintx ReservedCodeCacheSize                    = 251658240                              {pd product} {ergonomic}
     bool SegmentedCodeCache                       = true                                      {product} {ergonomic}
   size_t SoftMaxHeapSize                          = 4223664128                             {manageable} {ergonomic}
     bool UseCompressedOops                        = true                           {product lp64_product} {ergonomic}
     bool UseG1GC                                  = true                                      {product} {ergonomic}
     bool UseLargePagesIndividualAllocation        = false                                  {pd product} {ergonomic}

Logging:
Log output configuration:
 #0: stdout all=off uptime,level,tags foldmultilines=false
 #1: stderr all=off uptime,level,tags foldmultilines=false

Environment Variables:
PATH=C:\Program Files\Common Files\Oracle\Java\javapath;C:\Program Files (x86)\Common Files\Oracle\Java\java8path;C:\Program Files (x86)\Common Files\Oracle\Java\javapath;C:\Windows\system32;C:\Windows;C:\Windows\System32\Wbem;C:\Windows\System32\WindowsPowerShell\v1.0\;C:\Windows\System32\OpenSSH\;C:\Program Files\dotnet\;C:\Program Files (x86)\NVIDIA Corporation\PhysX\Common;C:\WINDOWS\system32;C:\WINDOWS;C:\WINDOWS\System32\Wbem;C:\WINDOWS\System32\WindowsPowerShell\v1.0\;C:\WINDOWS\System32\OpenSSH\;C:\Program Files\MATLAB\R2024a\runtime\win64;C:\Program Files\MATLAB\R2024a\bin;C:\Program Files\Git\cmd;C:\Users\Dell\AppData\Local\Programs\Python\Launcher\;C:\Users\Dell\AppData\Local\Microsoft\WindowsApps;C:\Users\Dell\AppData\Local\Programs\Microsoft VS Code\bin;C:\mingw-w64\mingw64\bin;
USERNAME=Dell
OS=Windows_NT
PROCESSOR_IDENTIFIER=Intel64 Family 6 Model 140 Stepping 1, GenuineIntel
TMP=C:\Users\Dell\AppData\Local\Temp
TEMP=C:\Users\Dell\AppData\Local\Temp




Periodic native trim disabled

---------------  S Y S T E M  ---------------

OS:
 Windows 11 , 64 bit Build 22621 (10.0.22621.4391)
OS uptime: 9 days 15:38 hours
Hyper-V role detected

CPU: total 8 (initial active 8) (4 cores per cpu, 2 threads per core) family 6 model 140 stepping 1 microcode 0xb8, cx8, cmov, fxsr, ht, mmx, 3dnowpref, sse, sse2, sse3, ssse3, sse4.1, sse4.2, popcnt, lzcnt, tsc, tscinvbit, avx, avx2, aes, erms, clmul, bmi1, bmi2, adx, avx512f, avx512dq, avx512cd, avx512bw, avx512vl, sha, fma, vzeroupper, avx512_vpopcntdq, avx512_vpclmulqdq, avx512_vaes, avx512_vnni, clflush, clflushopt, clwb, avx512_vbmi2, avx512_vbmi, hv, rdtscp, rdpid, fsrm, gfni, avx512_bitalg, f16c, cet_ibt, cet_ss, avx512_ifma
Processor Information for all 8 processors :
  Max Mhz: 2803, Current Mhz: 2803, Mhz Limit: 2803

Memory: 4k page, system-wide physical 16110M (4108M free)
TotalPageFile size 24046M (AvailPageFile size 5745M)
current process WorkingSet (physical memory assigned to process): 276M, peak: 292M
current process commit charge ("private bytes"): 494M, peak: 512M

vm_info: Java HotSpot(TM) 64-Bit Server VM (22.0.2+9-70) for windows-amd64 JRE (22.0.2+9-70), built on 2024-06-04T16:52:23Z by "mach5one" with MS VC++ 17.6 (VS2022)

END.
