#
# A fatal error has been detected by the Java Runtime Environment:
#
#  EXCEPTION_ACCESS_VIOLATION (0xc0000005) at pc=0x00007ff9d85a82d7, pid=22300, tid=30272
#
# JRE version: Java(TM) SE Runtime Environment (22.0.2+9) (build 22.0.2+9-70)
# Java VM: Java HotSpot(TM) 64-Bit Server VM (22.0.2+9-70, mixed mode, sharing, tiered, compressed oops, compressed class ptrs, g1 gc, windows-amd64)
# Problematic frame:
# C  [glass.dll+0x282d7]
#
# No core dump will be written. Minidumps are not enabled by default on client versions of Windows
#
# If you would like to submit a bug report, please visit:
#   https://bugreport.java.com/bugreport/crash.jsp
#

---------------  S U M M A R Y ------------

Command Line: --enable-preview -javaagent:C:\Program Files\JetBrains\IntelliJ IDEA 2024.2.3\lib\idea_rt.jar=63133:C:\Program Files\JetBrains\IntelliJ IDEA 2024.2.3\bin -Dfile.encoding=UTF-8 -Dsun.stdout.encoding=UTF-8 -Dsun.stderr.encoding=UTF-8 --module-path=C:\Users\Dell\.m2\repository\org\openjfx\javafx-controls\22.0.1\javafx-controls-22.0.1-win.jar;C:\Users\Dell\IdeaProjects\json-20240303.jar;C:\Users\Dell\IdeaProjects\ConnectHub\target\classes;C:\Users\Dell\.m2\repository\org\openjfx\javafx-graphics\22.0.1\javafx-graphics-22.0.1-win.jar;C:\Users\Dell\.m2\repository\org\openjfx\javafx-base\22.0.1\javafx-base-22.0.1-win.jar;C:\Users\Dell\.m2\repository\org\glassfish\javax.json\1.1.4\javax.json-1.1.4.jar;C:\Users\Dell\.m2\repository\org\openjfx\javafx-fxml\22.0.1\javafx-fxml-22.0.1-win.jar -Djdk.module.main=connecthub connecthub/connecthub.UserAccountManagement.Frontend.LoginPage

Host: 11th Gen Intel(R) Core(TM) i7-1165G7 @ 2.80GHz, 8 cores, 15G,  Windows 11 , 64 bit Build 22621 (10.0.22621.4391)
Time: Sun Dec  8 16:31:17 2024 Egypt Standard Time elapsed time: 219.122146 seconds (0d 0h 3m 39s)

---------------  T H R E A D  ---------------

Current thread (0x00000287bbdb0200):  VMThread "VM Thread"          [id=30272, stack(0x0000008fbe200000,0x0000008fbe300000) (1024K)]

Stack: [0x0000008fbe200000,0x0000008fbe300000],  sp=0x0000008fbe2ff2e0,  free space=1020k
Native frames: (J=compiled Java code, j=interpreted, Vv=VM code, C=native code)
C  [glass.dll+0x282d7]  (no source info available)
C  [ucrtbase.dll+0x53a93]  (no source info available)
C  [ucrtbase.dll+0x2042e]  (no source info available)
C  [ucrtbase.dll+0x1dddd]  (no source info available)
C  [glass.dll+0x25a6d]  (no source info available)
C  [glass.dll+0x25b92]  (no source info available)
C  [ntdll.dll+0x28b8f]  (no source info available)
C  [ntdll.dll+0x51596]  (no source info available)
C  [ntdll.dll+0x5118d]  (no source info available)
C  [KERNEL32.DLL+0x17fcb]  (no source info available)
C  [ucrtbase.dll+0x1bed8]  (no source info available)
C  [ucrtbase.dll+0x1c099]  (no source info available)
V  [jvm.dll+0x6db87b]  (no source info available)
V  [jvm.dll+0x6db3b0]  (no source info available)
V  [jvm.dll+0x3e2314]  (no source info available)
V  [jvm.dll+0x87e0f0]  (no source info available)
V  [jvm.dll+0x87f477]  (no source info available)
V  [jvm.dll+0x87f9f0]  (no source info available)
V  [jvm.dll+0x87fc93]  (no source info available)
V  [jvm.dll+0x81dc0b]  (no source info available)
V  [jvm.dll+0x6e0d85]  (no source info available)
C  [ucrtbase.dll+0x29333]  (no source info available)
C  [KERNEL32.DLL+0x1259d]  (no source info available)
C  [ntdll.dll+0x5af38]  (no source info available)


siginfo: EXCEPTION_ACCESS_VIOLATION (0xc0000005), reading address 0x0000000000000000


Registers:
RAX=0x0000000000000000, RBX=0x00000287bbdbd792, RCX=0x00000287bbdb0200, RDX=0x0000008fbe2ff2e0
RSP=0x0000008fbe2ff2e0, RBP=0x00000287fdb282a8, RSI=0x0000008fbe2ff3e8, RDI=0x00000287fdb28280
R8 =0x0000000000010002, R9 =0x00000287fdb28280, R10=0x85f13e9656da4870, R11=0x0000008fbe2ff270
R12=0x00007ff9d85a5be0, R13=0x00007ff947074a60, R14=0x00008a418cd27af0, R15=0x00000287fdb28280
RIP=0x00007ff9d85a82d7, EFLAGS=0x0000000000010206


Register to memory mapping:

RAX=0x0 is null
RBX=0x00000287bbdbd792 is a global jni handle
RCX=0x00000287bbdb0200 points into unknown readable memory: 0x00007ff946e750a0 | a0 50 e7 46 f9 7f 00 00
RDX=0x0000008fbe2ff2e0 points into unknown readable memory: 0x0000000000000000 | 00 00 00 00 00 00 00 00
RSP=0x0000008fbe2ff2e0 points into unknown readable memory: 0x0000000000000000 | 00 00 00 00 00 00 00 00
RBP=0x00000287fdb282a8 points into unknown readable memory: 0x00008a418cd27af0 | f0 7a d2 8c 41 8a 00 00
RSI=0x0000008fbe2ff3e8 points into unknown readable memory: 0x0000008fbe2ff3d0 | d0 f3 2f be 8f 00 00 00
RDI=0x00000287fdb28280 points into unknown readable memory: 0x56f88a41f32ba2aa | aa a2 2b f3 41 8a f8 56
R8 =0x0000000000010002 is an unknown value
R9 =0x00000287fdb28280 points into unknown readable memory: 0x56f88a41f32ba2aa | aa a2 2b f3 41 8a f8 56
R10=0x85f13e9656da4870 is an unknown value
R11=0x0000008fbe2ff270 points into unknown readable memory: 0x00000287fdb28280 | 80 82 b2 fd 87 02 00 00
R12=0x00007ff9d85a5be0 glass.dll
R13=0x00007ff947074a60 jvm.dll
R14=0x00008a418cd27af0 is an unknown value
R15=0x00000287fdb28280 points into unknown readable memory: 0x56f88a41f32ba2aa | aa a2 2b f3 41 8a f8 56

Top of Stack: (sp=0x0000008fbe2ff2e0)
0x0000008fbe2ff2e0:   0000000000000000 0000008fbe2ff3e8
0x0000008fbe2ff2f0:   00007ff947074a60 00007ff9d85a5be0
0x0000008fbe2ff300:   00000287fdb28288 00007ffa13243a93
0x0000008fbe2ff310:   00000287fdb28280 0000028700000000
0x0000008fbe2ff320:   00000287fdb282a8 0000008fbe2ff3e8
0x0000008fbe2ff330:   fffffffffffffffe 0000000000000000
0x0000008fbe2ff340:   0000000000000001 00007ff9d8580000
0x0000008fbe2ff350:   0000008fbe2ff3d8 00007ffa1321042e
0x0000008fbe2ff360:   0000000000000000 0000008fbe2ff3e8
0x0000008fbe2ff370:   0000008fbe2ff6d0 0000000000000001
0x0000008fbe2ff380:   0000000000000001 00007ffa1320dddd
0x0000008fbe2ff390:   0000000000000000 00007ff9d85a53d9
0x0000008fbe2ff3a0:   0000000000000000 0000008fbe2ff3d8
0x0000008fbe2ff3b0:   fffffffffffffffe 0000000000000001
0x0000008fbe2ff3c0:   0000000000000000 00007ff9d85a5a6d
0x0000008fbe2ff3d0:   00007ff9d85bd078 00007ff900000002
0x0000008fbe2ff3e0:   0000000000000002 0000008fbe2ff3d0
0x0000008fbe2ff3f0:   0000000000000000 00007ffa15798af3
0x0000008fbe2ff400:   0000000000000000 00007ff9d85a5b92
0x0000008fbe2ff410:   0000000000000001 0000000000000001
0x0000008fbe2ff420:   0000000000000000 0000000000000001
0x0000008fbe2ff430:   0000000000000001 00007ffa122e2223
0x0000008fbe2ff440:   00007ffa00000001 0000000000000000
0x0000008fbe2ff450:   00007ff9d8580000 000000007ffe0384
0x0000008fbe2ff460:   0000000000000000 00007ffa15798b8f
0x0000008fbe2ff470:   00007ff9d8580000 0000000000000000
0x0000008fbe2ff480:   0000000000000001 000000007ffe0385
0x0000008fbe2ff490:   00007ffa158a7940 00007ffa051fc070
0x0000008fbe2ff4a0:   00007eb575185700 00007ffa03cc0000
0x0000008fbe2ff4b0:   00007ff9d85a5be0 0000000000000000
0x0000008fbe2ff4c0:   0000000000000000 0000008fbd608000
0x0000008fbe2ff4d0:   00000287fda1cef0 00007ffa157c1596 

Instructions: (pc=0x00007ff9d85a82d7)
0x00007ff9d85a81d7:   8b 4d 58 e8 49 cf ff ff 48 8b 4d 60 e8 40 cf ff
0x00007ff9d85a81e7:   ff 48 8b 95 80 00 00 00 48 8b 8d 18 01 00 00 e8
0x00007ff9d85a81f7:   26 c5 ff ff 33 d2 33 c9 e8 8c e1 ff ff 90 48 89
0x00007ff9d85a8207:   54 24 10 55 48 83 ec 20 48 8b ea 48 b8 00 00 00
0x00007ff9d85a8217:   00 00 00 00 00 48 83 c4 20 5d c3 cc 40 55 48 8b
0x00007ff9d85a8227:   ea 48 8b 01 33 c9 81 38 05 00 00 c0 0f 94 c1 8b
0x00007ff9d85a8237:   c1 5d c3 cc 40 55 48 83 ec 20 48 8b ea 8a 4d 40
0x00007ff9d85a8247:   48 83 c4 20 5d e9 33 d3 ff ff cc 40 55 48 83 ec
0x00007ff9d85a8257:   20 48 8b ea 8a 4d 20 e8 21 d3 ff ff 90 48 83 c4
0x00007ff9d85a8267:   20 5d c3 cc 40 55 48 83 ec 20 48 8b ea 48 83 c4
0x00007ff9d85a8277:   20 5d e9 82 d1 ff ff cc 40 55 48 83 ec 30 48 8b
0x00007ff9d85a8287:   ea 48 8b 01 8b 10 48 89 4c 24 28 89 54 24 20 4c
0x00007ff9d85a8297:   8d 0d 23 d6 ff ff 4c 8b 45 70 8b 55 68 48 8b 4d
0x00007ff9d85a82a7:   60 e8 c3 d0 ff ff 90 48 83 c4 30 5d c3 cc cc cc
0x00007ff9d85a82b7:   cc cc cc cc cc cc cc cc cc 40 53 48 83 ec 20 48
0x00007ff9d85a82c7:   8b 1d 6b 47 01 00 48 85 db 74 16 e8 39 90 ff ff
0x00007ff9d85a82d7:   4c 8b 00 48 8b d3 48 8b c8 41 ff 90 b0 00 00 00
0x00007ff9d85a82e7:   90 48 83 c4 20 5b c3 cc cc 40 53 48 83 ec 20 48
0x00007ff9d85a82f7:   8b 1d ab 48 01 00 48 85 db 74 57 b8 ff ff ff ff
0x00007ff9d85a8307:   f0 0f c1 43 10 83 f8 01 75 3d 48 85 db 74 38 48
0x00007ff9d85a8317:   8b 0b 48 85 c9 74 0d ff 15 8c 0f 00 00 48 c7 03
0x00007ff9d85a8327:   00 00 00 00 48 8b 4b 08 48 85 c9 74 0d e8 ef cd
0x00007ff9d85a8337:   ff ff 48 c7 43 08 00 00 00 00 ba 18 00 00 00 48
0x00007ff9d85a8347:   8b cb e8 da cd ff ff 48 c7 05 4f 48 01 00 00 00
0x00007ff9d85a8357:   00 00 48 83 c4 20 5b c3 cc 40 53 48 83 ec 20 48
0x00007ff9d85a8367:   8b 1d 1b 48 01 00 48 85 db 74 57 b8 ff ff ff ff
0x00007ff9d85a8377:   f0 0f c1 43 10 83 f8 01 75 3d 48 85 db 74 38 48
0x00007ff9d85a8387:   8b 0b 48 85 c9 74 0d ff 15 1c 0f 00 00 48 c7 03
0x00007ff9d85a8397:   00 00 00 00 48 8b 4b 08 48 85 c9 74 0d e8 7f cd
0x00007ff9d85a83a7:   ff ff 48 c7 43 08 00 00 00 00 ba 18 00 00 00 48
0x00007ff9d85a83b7:   8b cb e8 6a cd ff ff 48 c7 05 bf 47 01 00 00 00
0x00007ff9d85a83c7:   00 00 48 83 c4 20 5b c3 cc 40 53 48 83 ec 20 48 


Stack slot to memory mapping:

stack at sp + 0 slots: 0x0 is null
stack at sp + 1 slots: 0x0000008fbe2ff3e8 points into unknown readable memory: 0x0000008fbe2ff3d0 | d0 f3 2f be 8f 00 00 00
stack at sp + 2 slots: 0x00007ff947074a60 jvm.dll
stack at sp + 3 slots: 0x00007ff9d85a5be0 glass.dll
stack at sp + 4 slots: 0x00000287fdb28288 points into unknown readable memory: 0x00008a418cd27af0 | f0 7a d2 8c 41 8a 00 00
stack at sp + 5 slots: 0x00007ffa13243a93 ucrtbase.dll
stack at sp + 6 slots: 0x00000287fdb28280 points into unknown readable memory: 0x56f88a41f32ba2aa | aa a2 2b f3 41 8a f8 56
stack at sp + 7 slots: 0x0000028700000000 is an unknown value

VM_Operation (0x0000008fbd9ff1c0): Exit, mode: safepoint, requested by thread 0x00000287fdd1cd50


---------------  P R O C E S S  ---------------

Threads class SMR info:
_java_thread_list=0x00000287fe382640, length=20, elements={
0x000002879ad35b00, 0x00000287bbdcd250, 0x00000287bbdceec0, 0x00000287bbdd5c90,
0x00000287bbdd6b90, 0x00000287bbdd7e80, 0x00000287bbdd8b00, 0x00000287bbde1f10,
0x00000287bbdea530, 0x00000287bbd96cc0, 0x00000287fd408c00, 0x00000287fd409270,
0x00000287fdd1e790, 0x00000287fdd1b310, 0x00000287fdd1b9a0, 0x00000287fdd1c030,
0x00000287fdd1c6c0, 0x00000287fdd1e100, 0x00000287fdd1d3e0, 0x00000287fdd1cd50
}

Java Threads: ( => current thread )
  0x000002879ad35b00 JavaThread "main"                              [_thread_blocked, id=20104, stack(0x0000008fbdb00000,0x0000008fbdc00000) (1024K)]
  0x00000287bbdcd250 JavaThread "Reference Handler"          daemon [_thread_blocked, id=13632, stack(0x0000008fbe300000,0x0000008fbe400000) (1024K)]
  0x00000287bbdceec0 JavaThread "Finalizer"                  daemon [_thread_blocked, id=29348, stack(0x0000008fbe400000,0x0000008fbe500000) (1024K)]
  0x00000287bbdd5c90 JavaThread "Signal Dispatcher"          daemon [_thread_blocked, id=19264, stack(0x0000008fbe500000,0x0000008fbe600000) (1024K)]
  0x00000287bbdd6b90 JavaThread "Attach Listener"            daemon [_thread_blocked, id=29548, stack(0x0000008fbe600000,0x0000008fbe700000) (1024K)]
  0x00000287bbdd7e80 JavaThread "Service Thread"             daemon [_thread_blocked, id=23332, stack(0x0000008fbe700000,0x0000008fbe800000) (1024K)]
  0x00000287bbdd8b00 JavaThread "Monitor Deflation Thread"   daemon [_thread_blocked, id=17912, stack(0x0000008fbe800000,0x0000008fbe900000) (1024K)]
  0x00000287bbde1f10 JavaThread "C2 CompilerThread0"         daemon [_thread_blocked, id=6080, stack(0x0000008fbe900000,0x0000008fbea00000) (1024K)]
  0x00000287bbdea530 JavaThread "C1 CompilerThread0"         daemon [_thread_blocked, id=8032, stack(0x0000008fbea00000,0x0000008fbeb00000) (1024K)]
  0x00000287bbd96cc0 JavaThread "Common-Cleaner"             daemon [_thread_blocked, id=28028, stack(0x0000008fbeb00000,0x0000008fbec00000) (1024K)]
  0x00000287fd408c00 JavaThread "Monitor Ctrl-Break"         daemon [_thread_in_native, id=14228, stack(0x0000008fbee00000,0x0000008fbef00000) (1024K)]
  0x00000287fd409270 JavaThread "Notification Thread"        daemon [_thread_blocked, id=24976, stack(0x0000008fbef00000,0x0000008fbf000000) (1024K)]
  0x00000287fdd1e790 JavaThread "QuantumRenderer-0"          daemon [_thread_blocked, id=27036, stack(0x0000008fbf000000,0x0000008fbf100000) (1024K)]
  0x00000287fdd1b310 JavaThread "InvokeLaterDispatcher"      daemon [_thread_blocked, id=20768, stack(0x0000008fbf100000,0x0000008fbf200000) (1024K)]
  0x00000287fdd1b9a0 JavaThread "JavaFX Application Thread"         [_thread_in_native, id=6700, stack(0x0000008fbf200000,0x0000008fbf300000) (1024K)]
  0x00000287fdd1c030 JavaThread "Thread-1"                   daemon [_thread_in_native, id=11056, stack(0x0000008fbf600000,0x0000008fbf700000) (1024K)]
  0x00000287fdd1c6c0 JavaThread "JavaFX-Launcher"                   [_thread_blocked, id=15408, stack(0x0000008fbf700000,0x0000008fbf800000) (1024K)]
  0x00000287fdd1e100 JavaThread "Prism Font Disposer"        daemon [_thread_blocked, id=28944, stack(0x0000008fc0000000,0x0000008fc0100000) (1024K)]
  0x00000287fdd1d3e0 JavaThread "Cleaner-0"                  daemon [_thread_blocked, id=14468, stack(0x0000008fc0300000,0x0000008fc0400000) (1024K)]
  0x00000287fdd1cd50 JavaThread "SIGINT handler"             daemon [_thread_blocked, id=22284, stack(0x0000008fbd900000,0x0000008fbda00000) (1024K)]
Total: 20

Other Threads:
=>0x00000287bbdb0200 VMThread "VM Thread"                           [id=30272, stack(0x0000008fbe200000,0x0000008fbe300000) (1024K)]
  0x000002879af064d0 WorkerThread "GC Thread#0"                     [id=12644, stack(0x0000008fbdc00000,0x0000008fbdd00000) (1024K)]
  0x00000287fdf200f0 WorkerThread "GC Thread#1"                     [id=7260, stack(0x0000008fbf800000,0x0000008fbf900000) (1024K)]
  0x00000287fdeffbe0 WorkerThread "GC Thread#2"                     [id=14644, stack(0x0000008fbf900000,0x0000008fbfa00000) (1024K)]
  0x00000287fdf75dd0 WorkerThread "GC Thread#3"                     [id=12992, stack(0x0000008fbfa00000,0x0000008fbfb00000) (1024K)]
  0x00000287fdf77190 WorkerThread "GC Thread#4"                     [id=14300, stack(0x0000008fbfb00000,0x0000008fbfc00000) (1024K)]
  0x00000287fdf78550 WorkerThread "GC Thread#5"                     [id=28344, stack(0x0000008fbfc00000,0x0000008fbfd00000) (1024K)]
  0x00000287fe214f60 WorkerThread "GC Thread#6"                     [id=29848, stack(0x0000008fc0100000,0x0000008fc0200000) (1024K)]
  0x00000287fe2156c0 WorkerThread "GC Thread#7"                     [id=11580, stack(0x0000008fc0200000,0x0000008fc0300000) (1024K)]
  0x000002879af18240 ConcurrentGCThread "G1 Main Marker"            terminated
  0x000002879af194f0 WorkerThread "G1 Conc#0"                       [id=25012, stack(0x0000008fbde00000,0x0000008fbdf00000) (1024K)]
  0x000002879af5e6f0 ConcurrentGCThread "G1 Refine#0"               terminated
  0x00000287bbc644e0 ConcurrentGCThread "G1 Service"                terminated
Total: 13

Threads with active compile tasks:
Total: 0

VM state: at safepoint (shutting down)

VM Mutex/Monitor currently owned by a thread:  ([mutex/lock_event])
[0x00007ff94704cb80] Threads_lock - owner thread: 0x00000287bbdb0200
[0x00007ff94704cc80] Heap_lock - owner thread: 0x00000287fdd1cd50

Heap address: 0x0000000704400000, size: 4028 MB, Compressed Oops mode: Zero based, Oop shift amount: 3

CDS archive(s) mapped at: [0x00000287bc000000-0x00000287bcc60000-0x00000287bcc60000), size 12976128, SharedBaseAddress: 0x00000287bc000000, ArchiveRelocationMode: 1.
Compressed class space mapped at: 0x00000287bd000000-0x00000287fd000000, reserved size: 1073741824
Narrow klass base: 0x00000287bc000000, Narrow klass shift: 0, Narrow klass range: 0x41000000

GC Precious Log:
 CardTable entry size: 512
 Card Set container configuration: InlinePtr #cards 4 size 8 Array Of Cards #cards 16 size 48 Howl #buckets 8 coarsen threshold 3686 Howl Bitmap #cards 512 size 80 coarsen threshold 460 Card regions per heap region 1 cards per card region 4096
 CPUs: 8 total, 8 available
 Memory: 16110M
 Large Page Support: Disabled
 NUMA Support: Disabled
 Compressed Oops: Enabled (Zero based)
 Heap Region Size: 2M
 Heap Min Capacity: 8M
 Heap Initial Capacity: 252M
 Heap Max Capacity: 4028M
 Pre-touch: Disabled
 Parallel Workers: 8
 Concurrent Workers: 2
 Concurrent Refinement Workers: 8
 Periodic GC: Disabled

Heap:
 garbage-first heap   total reserved 4124672K, committed 258048K, used 49846K [0x0000000704400000, 0x0000000800000000)
  region size 2048K, 23 young (47104K), 3 survivors (6144K)
 Metaspace       used 18131K, committed 18496K, reserved 1114112K
  class space    used 2756K, committed 2944K, reserved 1048576K

Heap Regions: E=young(eden), S=young(survivor), O=old, HS=humongous(starts), HC=humongous(continues), CS=collection set, F=free, TAMS=top-at-mark-start, PB=parsable bottom
|   0|0x0000000704400000, 0x00000007044ad890, 0x0000000704600000| 33%| O|  |TAMS 0x0000000704400000| PB 0x0000000704400000| Untracked |  0
|   1|0x0000000704600000, 0x0000000704800000, 0x0000000704800000|100%|HS|  |TAMS 0x0000000704600000| PB 0x0000000704600000| Complete |  0
|   2|0x0000000704800000, 0x0000000704a00000, 0x0000000704a00000|100%|HS|  |TAMS 0x0000000704800000| PB 0x0000000704800000| Complete |  0
|   3|0x0000000704a00000, 0x0000000704c00000, 0x0000000704c00000|100%|HS|  |TAMS 0x0000000704a00000| PB 0x0000000704a00000| Complete |  0
|   4|0x0000000704c00000, 0x0000000704c00000, 0x0000000704e00000|  0%| F|  |TAMS 0x0000000704c00000| PB 0x0000000704c00000| Untracked |  0
|   5|0x0000000704e00000, 0x0000000704e00000, 0x0000000705000000|  0%| F|  |TAMS 0x0000000704e00000| PB 0x0000000704e00000| Untracked |  0
|   6|0x0000000705000000, 0x0000000705000000, 0x0000000705200000|  0%| F|  |TAMS 0x0000000705000000| PB 0x0000000705000000| Untracked |  0
|   7|0x0000000705200000, 0x0000000705200000, 0x0000000705400000|  0%| F|  |TAMS 0x0000000705200000| PB 0x0000000705200000| Untracked |  0
|   8|0x0000000705400000, 0x0000000705400000, 0x0000000705600000|  0%| F|  |TAMS 0x0000000705400000| PB 0x0000000705400000| Untracked |  0
|   9|0x0000000705600000, 0x0000000705600000, 0x0000000705800000|  0%| F|  |TAMS 0x0000000705600000| PB 0x0000000705600000| Untracked |  0
|  10|0x0000000705800000, 0x0000000705800000, 0x0000000705a00000|  0%| F|  |TAMS 0x0000000705800000| PB 0x0000000705800000| Untracked |  0
|  11|0x0000000705a00000, 0x0000000705a00000, 0x0000000705c00000|  0%| F|  |TAMS 0x0000000705a00000| PB 0x0000000705a00000| Untracked |  0
|  12|0x0000000705c00000, 0x0000000705c00000, 0x0000000705e00000|  0%| F|  |TAMS 0x0000000705c00000| PB 0x0000000705c00000| Untracked |  0
|  13|0x0000000705e00000, 0x0000000705e00000, 0x0000000706000000|  0%| F|  |TAMS 0x0000000705e00000| PB 0x0000000705e00000| Untracked |  0
|  14|0x0000000706000000, 0x0000000706000000, 0x0000000706200000|  0%| F|  |TAMS 0x0000000706000000| PB 0x0000000706000000| Untracked |  0
|  15|0x0000000706200000, 0x0000000706200000, 0x0000000706400000|  0%| F|  |TAMS 0x0000000706200000| PB 0x0000000706200000| Untracked |  0
|  16|0x0000000706400000, 0x0000000706400000, 0x0000000706600000|  0%| F|  |TAMS 0x0000000706400000| PB 0x0000000706400000| Untracked |  0
|  17|0x0000000706600000, 0x0000000706600000, 0x0000000706800000|  0%| F|  |TAMS 0x0000000706600000| PB 0x0000000706600000| Untracked |  0
|  18|0x0000000706800000, 0x0000000706800000, 0x0000000706a00000|  0%| F|  |TAMS 0x0000000706800000| PB 0x0000000706800000| Untracked |  0
|  19|0x0000000706a00000, 0x0000000706a00000, 0x0000000706c00000|  0%| F|  |TAMS 0x0000000706a00000| PB 0x0000000706a00000| Untracked |  0
|  20|0x0000000706c00000, 0x0000000706c00000, 0x0000000706e00000|  0%| F|  |TAMS 0x0000000706c00000| PB 0x0000000706c00000| Untracked |  0
|  21|0x0000000706e00000, 0x0000000706e00000, 0x0000000707000000|  0%| F|  |TAMS 0x0000000706e00000| PB 0x0000000706e00000| Untracked |  0
|  22|0x0000000707000000, 0x0000000707000000, 0x0000000707200000|  0%| F|  |TAMS 0x0000000707000000| PB 0x0000000707000000| Untracked |  0
|  23|0x0000000707200000, 0x0000000707200000, 0x0000000707400000|  0%| F|  |TAMS 0x0000000707200000| PB 0x0000000707200000| Untracked |  0
|  24|0x0000000707400000, 0x0000000707400000, 0x0000000707600000|  0%| F|  |TAMS 0x0000000707400000| PB 0x0000000707400000| Untracked |  0
|  25|0x0000000707600000, 0x0000000707600000, 0x0000000707800000|  0%| F|  |TAMS 0x0000000707600000| PB 0x0000000707600000| Untracked |  0
|  26|0x0000000707800000, 0x0000000707800000, 0x0000000707a00000|  0%| F|  |TAMS 0x0000000707800000| PB 0x0000000707800000| Untracked |  0
|  27|0x0000000707a00000, 0x0000000707a00000, 0x0000000707c00000|  0%| F|  |TAMS 0x0000000707a00000| PB 0x0000000707a00000| Untracked |  0
|  28|0x0000000707c00000, 0x0000000707c00000, 0x0000000707e00000|  0%| F|  |TAMS 0x0000000707c00000| PB 0x0000000707c00000| Untracked |  0
|  29|0x0000000707e00000, 0x0000000707e00000, 0x0000000708000000|  0%| F|  |TAMS 0x0000000707e00000| PB 0x0000000707e00000| Untracked |  0
|  30|0x0000000708000000, 0x0000000708000000, 0x0000000708200000|  0%| F|  |TAMS 0x0000000708000000| PB 0x0000000708000000| Untracked |  0
|  31|0x0000000708200000, 0x0000000708200000, 0x0000000708400000|  0%| F|  |TAMS 0x0000000708200000| PB 0x0000000708200000| Untracked |  0
|  32|0x0000000708400000, 0x0000000708400000, 0x0000000708600000|  0%| F|  |TAMS 0x0000000708400000| PB 0x0000000708400000| Untracked |  0
|  33|0x0000000708600000, 0x0000000708600000, 0x0000000708800000|  0%| F|  |TAMS 0x0000000708600000| PB 0x0000000708600000| Untracked |  0
|  34|0x0000000708800000, 0x0000000708800000, 0x0000000708a00000|  0%| F|  |TAMS 0x0000000708800000| PB 0x0000000708800000| Untracked |  0
|  35|0x0000000708a00000, 0x0000000708a00000, 0x0000000708c00000|  0%| F|  |TAMS 0x0000000708a00000| PB 0x0000000708a00000| Untracked |  0
|  36|0x0000000708c00000, 0x0000000708c00000, 0x0000000708e00000|  0%| F|  |TAMS 0x0000000708c00000| PB 0x0000000708c00000| Untracked |  0
|  37|0x0000000708e00000, 0x0000000708e00000, 0x0000000709000000|  0%| F|  |TAMS 0x0000000708e00000| PB 0x0000000708e00000| Untracked |  0
|  38|0x0000000709000000, 0x0000000709000000, 0x0000000709200000|  0%| F|  |TAMS 0x0000000709000000| PB 0x0000000709000000| Untracked |  0
|  39|0x0000000709200000, 0x0000000709200000, 0x0000000709400000|  0%| F|  |TAMS 0x0000000709200000| PB 0x0000000709200000| Untracked |  0
|  40|0x0000000709400000, 0x0000000709400000, 0x0000000709600000|  0%| F|  |TAMS 0x0000000709400000| PB 0x0000000709400000| Untracked |  0
|  41|0x0000000709600000, 0x0000000709600000, 0x0000000709800000|  0%| F|  |TAMS 0x0000000709600000| PB 0x0000000709600000| Untracked |  0
|  42|0x0000000709800000, 0x0000000709800000, 0x0000000709a00000|  0%| F|  |TAMS 0x0000000709800000| PB 0x0000000709800000| Untracked |  0
|  43|0x0000000709a00000, 0x0000000709a00000, 0x0000000709c00000|  0%| F|  |TAMS 0x0000000709a00000| PB 0x0000000709a00000| Untracked |  0
|  44|0x0000000709c00000, 0x0000000709c00000, 0x0000000709e00000|  0%| F|  |TAMS 0x0000000709c00000| PB 0x0000000709c00000| Untracked |  0
|  45|0x0000000709e00000, 0x0000000709e00000, 0x000000070a000000|  0%| F|  |TAMS 0x0000000709e00000| PB 0x0000000709e00000| Untracked |  0
|  46|0x000000070a000000, 0x000000070a000000, 0x000000070a200000|  0%| F|  |TAMS 0x000000070a000000| PB 0x000000070a000000| Untracked |  0
|  47|0x000000070a200000, 0x000000070a200000, 0x000000070a400000|  0%| F|  |TAMS 0x000000070a200000| PB 0x000000070a200000| Untracked |  0
|  48|0x000000070a400000, 0x000000070a400000, 0x000000070a600000|  0%| F|  |TAMS 0x000000070a400000| PB 0x000000070a400000| Untracked |  0
|  49|0x000000070a600000, 0x000000070a600000, 0x000000070a800000|  0%| F|  |TAMS 0x000000070a600000| PB 0x000000070a600000| Untracked |  0
|  50|0x000000070a800000, 0x000000070a800000, 0x000000070aa00000|  0%| F|  |TAMS 0x000000070a800000| PB 0x000000070a800000| Untracked |  0
|  51|0x000000070aa00000, 0x000000070aa00000, 0x000000070ac00000|  0%| F|  |TAMS 0x000000070aa00000| PB 0x000000070aa00000| Untracked |  0
|  52|0x000000070ac00000, 0x000000070ac00000, 0x000000070ae00000|  0%| F|  |TAMS 0x000000070ac00000| PB 0x000000070ac00000| Untracked |  0
|  53|0x000000070ae00000, 0x000000070ae00000, 0x000000070b000000|  0%| F|  |TAMS 0x000000070ae00000| PB 0x000000070ae00000| Untracked |  0
|  54|0x000000070b000000, 0x000000070b000000, 0x000000070b200000|  0%| F|  |TAMS 0x000000070b000000| PB 0x000000070b000000| Untracked |  0
|  55|0x000000070b200000, 0x000000070b200000, 0x000000070b400000|  0%| F|  |TAMS 0x000000070b200000| PB 0x000000070b200000| Untracked |  0
|  56|0x000000070b400000, 0x000000070b400000, 0x000000070b600000|  0%| F|  |TAMS 0x000000070b400000| PB 0x000000070b400000| Untracked |  0
|  57|0x000000070b600000, 0x000000070b600000, 0x000000070b800000|  0%| F|  |TAMS 0x000000070b600000| PB 0x000000070b600000| Untracked |  0
|  58|0x000000070b800000, 0x000000070b800000, 0x000000070ba00000|  0%| F|  |TAMS 0x000000070b800000| PB 0x000000070b800000| Untracked |  0
|  59|0x000000070ba00000, 0x000000070ba00000, 0x000000070bc00000|  0%| F|  |TAMS 0x000000070ba00000| PB 0x000000070ba00000| Untracked |  0
|  60|0x000000070bc00000, 0x000000070bc00000, 0x000000070be00000|  0%| F|  |TAMS 0x000000070bc00000| PB 0x000000070bc00000| Untracked |  0
|  61|0x000000070be00000, 0x000000070be00000, 0x000000070c000000|  0%| F|  |TAMS 0x000000070be00000| PB 0x000000070be00000| Untracked |  0
|  62|0x000000070c000000, 0x000000070c000000, 0x000000070c200000|  0%| F|  |TAMS 0x000000070c000000| PB 0x000000070c000000| Untracked |  0
|  63|0x000000070c200000, 0x000000070c200000, 0x000000070c400000|  0%| F|  |TAMS 0x000000070c200000| PB 0x000000070c200000| Untracked |  0
|  64|0x000000070c400000, 0x000000070c400000, 0x000000070c600000|  0%| F|  |TAMS 0x000000070c400000| PB 0x000000070c400000| Untracked |  0
|  65|0x000000070c600000, 0x000000070c600000, 0x000000070c800000|  0%| F|  |TAMS 0x000000070c600000| PB 0x000000070c600000| Untracked |  0
|  66|0x000000070c800000, 0x000000070c800000, 0x000000070ca00000|  0%| F|  |TAMS 0x000000070c800000| PB 0x000000070c800000| Untracked |  0
|  67|0x000000070ca00000, 0x000000070ca00000, 0x000000070cc00000|  0%| F|  |TAMS 0x000000070ca00000| PB 0x000000070ca00000| Untracked |  0
|  68|0x000000070cc00000, 0x000000070cc00000, 0x000000070ce00000|  0%| F|  |TAMS 0x000000070cc00000| PB 0x000000070cc00000| Untracked |  0
|  69|0x000000070ce00000, 0x000000070ce00000, 0x000000070d000000|  0%| F|  |TAMS 0x000000070ce00000| PB 0x000000070ce00000| Untracked |  0
|  70|0x000000070d000000, 0x000000070d000000, 0x000000070d200000|  0%| F|  |TAMS 0x000000070d000000| PB 0x000000070d000000| Untracked |  0
|  71|0x000000070d200000, 0x000000070d200000, 0x000000070d400000|  0%| F|  |TAMS 0x000000070d200000| PB 0x000000070d200000| Untracked |  0
|  72|0x000000070d400000, 0x000000070d400000, 0x000000070d600000|  0%| F|  |TAMS 0x000000070d400000| PB 0x000000070d400000| Untracked |  0
|  73|0x000000070d600000, 0x000000070d600000, 0x000000070d800000|  0%| F|  |TAMS 0x000000070d600000| PB 0x000000070d600000| Untracked |  0
|  74|0x000000070d800000, 0x000000070d800000, 0x000000070da00000|  0%| F|  |TAMS 0x000000070d800000| PB 0x000000070d800000| Untracked |  0
|  75|0x000000070da00000, 0x000000070da00000, 0x000000070dc00000|  0%| F|  |TAMS 0x000000070da00000| PB 0x000000070da00000| Untracked |  0
|  76|0x000000070dc00000, 0x000000070dc00000, 0x000000070de00000|  0%| F|  |TAMS 0x000000070dc00000| PB 0x000000070dc00000| Untracked |  0
|  77|0x000000070de00000, 0x000000070de00000, 0x000000070e000000|  0%| F|  |TAMS 0x000000070de00000| PB 0x000000070de00000| Untracked |  0
|  78|0x000000070e000000, 0x000000070e000000, 0x000000070e200000|  0%| F|  |TAMS 0x000000070e000000| PB 0x000000070e000000| Untracked |  0
|  79|0x000000070e200000, 0x000000070e200000, 0x000000070e400000|  0%| F|  |TAMS 0x000000070e200000| PB 0x000000070e200000| Untracked |  0
|  80|0x000000070e400000, 0x000000070e400000, 0x000000070e600000|  0%| F|  |TAMS 0x000000070e400000| PB 0x000000070e400000| Untracked |  0
|  81|0x000000070e600000, 0x000000070e600000, 0x000000070e800000|  0%| F|  |TAMS 0x000000070e600000| PB 0x000000070e600000| Untracked |  0
|  82|0x000000070e800000, 0x000000070e800000, 0x000000070ea00000|  0%| F|  |TAMS 0x000000070e800000| PB 0x000000070e800000| Untracked |  0
|  83|0x000000070ea00000, 0x000000070ea00000, 0x000000070ec00000|  0%| F|  |TAMS 0x000000070ea00000| PB 0x000000070ea00000| Untracked |  0
|  84|0x000000070ec00000, 0x000000070ec00000, 0x000000070ee00000|  0%| F|  |TAMS 0x000000070ec00000| PB 0x000000070ec00000| Untracked |  0
|  85|0x000000070ee00000, 0x000000070ee00000, 0x000000070f000000|  0%| F|  |TAMS 0x000000070ee00000| PB 0x000000070ee00000| Untracked |  0
|  86|0x000000070f000000, 0x000000070f000000, 0x000000070f200000|  0%| F|  |TAMS 0x000000070f000000| PB 0x000000070f000000| Untracked |  0
|  87|0x000000070f200000, 0x000000070f200000, 0x000000070f400000|  0%| F|  |TAMS 0x000000070f200000| PB 0x000000070f200000| Untracked |  0
|  88|0x000000070f400000, 0x000000070f400000, 0x000000070f600000|  0%| F|  |TAMS 0x000000070f400000| PB 0x000000070f400000| Untracked |  0
|  89|0x000000070f600000, 0x000000070f600000, 0x000000070f800000|  0%| F|  |TAMS 0x000000070f600000| PB 0x000000070f600000| Untracked |  0
|  90|0x000000070f800000, 0x000000070f800000, 0x000000070fa00000|  0%| F|  |TAMS 0x000000070f800000| PB 0x000000070f800000| Untracked |  0
|  91|0x000000070fa00000, 0x000000070fa00000, 0x000000070fc00000|  0%| F|  |TAMS 0x000000070fa00000| PB 0x000000070fa00000| Untracked |  0
|  92|0x000000070fc00000, 0x000000070fc00000, 0x000000070fe00000|  0%| F|  |TAMS 0x000000070fc00000| PB 0x000000070fc00000| Untracked |  0
|  93|0x000000070fe00000, 0x000000070fe00000, 0x0000000710000000|  0%| F|  |TAMS 0x000000070fe00000| PB 0x000000070fe00000| Untracked |  0
|  94|0x0000000710000000, 0x0000000710000000, 0x0000000710200000|  0%| F|  |TAMS 0x0000000710000000| PB 0x0000000710000000| Untracked |  0
|  95|0x0000000710200000, 0x0000000710200000, 0x0000000710400000|  0%| F|  |TAMS 0x0000000710200000| PB 0x0000000710200000| Untracked |  0
|  96|0x0000000710400000, 0x0000000710400000, 0x0000000710600000|  0%| F|  |TAMS 0x0000000710400000| PB 0x0000000710400000| Untracked |  0
|  97|0x0000000710600000, 0x0000000710600000, 0x0000000710800000|  0%| F|  |TAMS 0x0000000710600000| PB 0x0000000710600000| Untracked |  0
|  98|0x0000000710800000, 0x0000000710800000, 0x0000000710a00000|  0%| F|  |TAMS 0x0000000710800000| PB 0x0000000710800000| Untracked |  0
|  99|0x0000000710a00000, 0x0000000710c00000, 0x0000000710c00000|100%| S|CS|TAMS 0x0000000710a00000| PB 0x0000000710a00000| Complete |  0
| 100|0x0000000710c00000, 0x0000000710e00000, 0x0000000710e00000|100%| S|CS|TAMS 0x0000000710c00000| PB 0x0000000710c00000| Complete |  0
| 101|0x0000000710e00000, 0x0000000711000000, 0x0000000711000000|100%| S|CS|TAMS 0x0000000710e00000| PB 0x0000000710e00000| Complete |  0
| 102|0x0000000711000000, 0x0000000711000000, 0x0000000711200000|  0%| F|  |TAMS 0x0000000711000000| PB 0x0000000711000000| Untracked |  0
| 103|0x0000000711200000, 0x0000000711200000, 0x0000000711400000|  0%| F|  |TAMS 0x0000000711200000| PB 0x0000000711200000| Untracked |  0
| 104|0x0000000711400000, 0x0000000711400000, 0x0000000711600000|  0%| F|  |TAMS 0x0000000711400000| PB 0x0000000711400000| Untracked |  0
| 105|0x0000000711600000, 0x0000000711600000, 0x0000000711800000|  0%| F|  |TAMS 0x0000000711600000| PB 0x0000000711600000| Untracked |  0
| 106|0x0000000711800000, 0x000000071193bff8, 0x0000000711a00000| 61%| E|  |TAMS 0x0000000711800000| PB 0x0000000711800000| Complete |  0
| 107|0x0000000711a00000, 0x0000000711c00000, 0x0000000711c00000|100%| E|CS|TAMS 0x0000000711a00000| PB 0x0000000711a00000| Complete |  0
| 108|0x0000000711c00000, 0x0000000711e00000, 0x0000000711e00000|100%| E|CS|TAMS 0x0000000711c00000| PB 0x0000000711c00000| Complete |  0
| 109|0x0000000711e00000, 0x0000000712000000, 0x0000000712000000|100%| E|CS|TAMS 0x0000000711e00000| PB 0x0000000711e00000| Complete |  0
| 110|0x0000000712000000, 0x0000000712200000, 0x0000000712200000|100%| E|CS|TAMS 0x0000000712000000| PB 0x0000000712000000| Complete |  0
| 111|0x0000000712200000, 0x0000000712400000, 0x0000000712400000|100%| E|CS|TAMS 0x0000000712200000| PB 0x0000000712200000| Complete |  0
| 112|0x0000000712400000, 0x0000000712600000, 0x0000000712600000|100%| E|CS|TAMS 0x0000000712400000| PB 0x0000000712400000| Complete |  0
| 113|0x0000000712600000, 0x0000000712800000, 0x0000000712800000|100%| E|  |TAMS 0x0000000712600000| PB 0x0000000712600000| Complete |  0
| 114|0x0000000712800000, 0x0000000712a00000, 0x0000000712a00000|100%| E|CS|TAMS 0x0000000712800000| PB 0x0000000712800000| Complete |  0
| 115|0x0000000712a00000, 0x0000000712c00000, 0x0000000712c00000|100%| E|CS|TAMS 0x0000000712a00000| PB 0x0000000712a00000| Complete |  0
| 116|0x0000000712c00000, 0x0000000712e00000, 0x0000000712e00000|100%| E|CS|TAMS 0x0000000712c00000| PB 0x0000000712c00000| Complete |  0
| 117|0x0000000712e00000, 0x0000000713000000, 0x0000000713000000|100%| E|CS|TAMS 0x0000000712e00000| PB 0x0000000712e00000| Complete |  0
| 118|0x0000000713000000, 0x0000000713200000, 0x0000000713200000|100%| E|CS|TAMS 0x0000000713000000| PB 0x0000000713000000| Complete |  0
| 119|0x0000000713200000, 0x0000000713400000, 0x0000000713400000|100%| E|CS|TAMS 0x0000000713200000| PB 0x0000000713200000| Complete |  0
| 120|0x0000000713400000, 0x0000000713600000, 0x0000000713600000|100%| E|CS|TAMS 0x0000000713400000| PB 0x0000000713400000| Complete |  0
| 121|0x0000000713600000, 0x0000000713800000, 0x0000000713800000|100%| E|CS|TAMS 0x0000000713600000| PB 0x0000000713600000| Complete |  0
| 122|0x0000000713800000, 0x0000000713a00000, 0x0000000713a00000|100%| E|CS|TAMS 0x0000000713800000| PB 0x0000000713800000| Complete |  0
| 123|0x0000000713a00000, 0x0000000713c00000, 0x0000000713c00000|100%| E|CS|TAMS 0x0000000713a00000| PB 0x0000000713a00000| Complete |  0
| 124|0x0000000713c00000, 0x0000000713e00000, 0x0000000713e00000|100%| E|CS|TAMS 0x0000000713c00000| PB 0x0000000713c00000| Complete |  0
| 125|0x0000000713e00000, 0x0000000714000000, 0x0000000714000000|100%| E|CS|TAMS 0x0000000713e00000| PB 0x0000000713e00000| Complete |  0

Card table byte_map: [0x00000287b4c30000,0x00000287b5410000] _byte_map_base: 0x00000287b140e000

Marking Bits: (CMBitMap*) 0x000002879af06be0
 Bits: [0x00000287b5410000, 0x00000287b9300000)

Polling page: 0x000002879af60000

Metaspace:

Usage:
  Non-class:     15.01 MB used.
      Class:      2.69 MB used.
       Both:     17.71 MB used.

Virtual space:
  Non-class space:       64.00 MB reserved,      15.19 MB ( 24%) committed,  1 nodes.
      Class space:        1.00 GB reserved,       2.88 MB ( <1%) committed,  1 nodes.
             Both:        1.06 GB reserved,      18.06 MB (  2%) committed. 

Chunk freelists:
   Non-Class:  15.95 MB
       Class:  12.98 MB
        Both:  28.93 MB

MaxMetaspaceSize: unlimited
CompressedClassSpaceSize: 1.00 GB
Initial GC threshold: 21.00 MB
Current GC threshold: 21.00 MB
CDS: on
 - commit_granule_bytes: 65536.
 - commit_granule_words: 8192.
 - virtual_space_node_default_size: 8388608.
 - enlarge_chunks_in_place: 1.
 - use_allocation_guard: 0.


Internal statistics:

num_allocs_failed_limit: 0.
num_arena_births: 264.
num_arena_deaths: 0.
num_vsnodes_births: 2.
num_vsnodes_deaths: 0.
num_space_committed: 289.
num_space_uncommitted: 0.
num_chunks_returned_to_freelist: 0.
num_chunks_taken_from_freelist: 850.
num_chunk_merges: 0.
num_chunk_splits: 604.
num_chunks_enlarged: 476.
num_inconsistent_stats: 0.

CodeHeap 'non-profiled nmethods': size=120000Kb used=2048Kb max_used=2048Kb free=117951Kb
 bounds [0x00000287ac4b0000, 0x00000287ac720000, 0x00000287b39e0000]
CodeHeap 'profiled nmethods': size=120000Kb used=8216Kb max_used=8216Kb free=111784Kb
 bounds [0x00000287a49e0000, 0x00000287a51f0000, 0x00000287abf10000]
CodeHeap 'non-nmethods': size=5760Kb used=2095Kb max_used=2128Kb free=3664Kb
 bounds [0x00000287abf10000, 0x00000287ac180000, 0x00000287ac4b0000]
 total_blobs=4915 nmethods=4067 adapters=750
 compilation: enabled
              stopped_count=0, restarted_count=0
 full_count=0

Compilation events (20 events):
Event: 52.334 Thread 0x00000287bbdea530 4058       3       javafx.stage.Window$1::notifyLocationChanged (8 bytes)
Event: 52.335 Thread 0x00000287bbdea530 nmethod 4058 0x00000287a51e3290 code [0x00000287a51e3440, 0x00000287a51e3618]
Event: 52.335 Thread 0x00000287bbdea530 4059       3       javafx.stage.Window::notifyLocationChanged (17 bytes)
Event: 52.335 Thread 0x00000287bbdea530 nmethod 4059 0x00000287a51e3710 code [0x00000287a51e38c0, 0x00000287a51e3b68]
Event: 52.570 Thread 0x00000287bbdea530 4060       3       com.sun.glass.ui.Screen::containsPlatformCoords (44 bytes)
Event: 52.570 Thread 0x00000287bbdea530 nmethod 4060 0x00000287a51e3c90 code [0x00000287a51e3e20, 0x00000287a51e4020]
Event: 67.032 Thread 0x00000287bbde1f10 4061       4       com.sun.javafx.scene.layout.RegionHelper::pickNodeLocalImpl (12 bytes)
Event: 67.044 Thread 0x00000287bbde1f10 nmethod 4061 0x00000287ac6aaf10 code [0x00000287ac6ab200, 0x00000287ac6ac098]
Event: 67.446 Thread 0x00000287bbdea530 4062       3       javafx.scene.Node$15::invalidated (46 bytes)
Event: 67.446 Thread 0x00000287bbdea530 nmethod 4062 0x00000287a51e4090 code [0x00000287a51e4320, 0x00000287a51e4f18]
Event: 85.517 Thread 0x00000287bbde1f10 4063       4       com.sun.javafx.tk.quantum.QuantumToolkit::postPulse (133 bytes)
Event: 85.521 Thread 0x00000287bbde1f10 nmethod 4063 0x00000287ac6ad190 code [0x00000287ac6ad360, 0x00000287ac6ad648]
Event: 86.525 Thread 0x00000287bbde1f10 4064       4       com.sun.javafx.tk.quantum.QuantumToolkit$$Lambda/0x00000287bd039000::run (8 bytes)
Event: 86.527 Thread 0x00000287bbde1f10 nmethod 4064 0x00000287ac6ad910 code [0x00000287ac6adae0, 0x00000287ac6ade08]
Event: 95.096 Thread 0x00000287bbde1f10 4065       4       com.sun.javafx.scene.layout.RegionHelper::pickNodeLocalImpl (12 bytes)
Event: 95.109 Thread 0x00000287bbde1f10 nmethod 4065 0x00000287ac6ae110 code [0x00000287ac6ae400, 0x00000287ac6af1e0]
Event: 218.779 Thread 0x00000287bbdea530 4066       3       java.lang.invoke.DirectMethodHandle$Holder::invokeStatic (15 bytes)
Event: 218.779 Thread 0x00000287bbdea530 nmethod 4066 0x00000287a51e5290 code [0x00000287a51e5460, 0x00000287a51e57f0]
Event: 218.779 Thread 0x00000287bbdea530 4067       3       java.util.ArrayList::fastRemove (44 bytes)
Event: 218.780 Thread 0x00000287bbdea530 nmethod 4067 0x00000287a51e5910 code [0x00000287a51e5ac0, 0x00000287a51e5ea0]

GC Heap History (4 events):
Event: 0.531 GC heap before
{Heap before GC invocations=0 (full 0):
 garbage-first heap   total reserved 4124672K, committed 258048K, used 22528K [0x0000000704400000, 0x0000000800000000)
  region size 2048K, 12 young (24576K), 0 survivors (0K)
 Metaspace       used 4988K, committed 5184K, reserved 1114112K
  class space    used 533K, committed 640K, reserved 1048576K
}
Event: 0.533 GC heap after
{Heap after GC invocations=1 (full 0):
 garbage-first heap   total reserved 4124672K, committed 258048K, used 2645K [0x0000000704400000, 0x0000000800000000)
  region size 2048K, 2 young (4096K), 2 survivors (4096K)
 Metaspace       used 4988K, committed 5184K, reserved 1114112K
  class space    used 533K, committed 640K, reserved 1048576K
}
Event: 1.125 GC heap before
{Heap before GC invocations=1 (full 0):
 garbage-first heap   total reserved 4124672K, committed 258048K, used 47701K [0x0000000704400000, 0x0000000800000000)
  region size 2048K, 24 young (49152K), 2 survivors (4096K)
 Metaspace       used 12022K, committed 12224K, reserved 1114112K
  class space    used 1853K, committed 1920K, reserved 1048576K
}
Event: 1.129 GC heap after
{Heap after GC invocations=2 (full 0):
 garbage-first heap   total reserved 4124672K, committed 258048K, used 6838K [0x0000000704400000, 0x0000000800000000)
  region size 2048K, 3 young (6144K), 3 survivors (6144K)
 Metaspace       used 12022K, committed 12224K, reserved 1114112K
  class space    used 1853K, committed 1920K, reserved 1048576K
}

Dll operation events (20 events):
Event: 0.332 Loaded shared library C:\Users\Dell\.openjfx\cache\22.0.1+7\amd64\api-ms-win-crt-math-l1-1-0.dll
Event: 0.334 Loaded shared library C:\Users\Dell\.openjfx\cache\22.0.1+7\amd64\api-ms-win-crt-multibyte-l1-1-0.dll
Event: 0.336 Loaded shared library C:\Users\Dell\.openjfx\cache\22.0.1+7\amd64\api-ms-win-crt-private-l1-1-0.dll
Event: 0.337 Loaded shared library C:\Users\Dell\.openjfx\cache\22.0.1+7\amd64\api-ms-win-crt-process-l1-1-0.dll
Event: 0.339 Loaded shared library C:\Users\Dell\.openjfx\cache\22.0.1+7\amd64\api-ms-win-crt-runtime-l1-1-0.dll
Event: 0.340 Loaded shared library C:\Users\Dell\.openjfx\cache\22.0.1+7\amd64\api-ms-win-crt-stdio-l1-1-0.dll
Event: 0.342 Loaded shared library C:\Users\Dell\.openjfx\cache\22.0.1+7\amd64\api-ms-win-crt-string-l1-1-0.dll
Event: 0.344 Loaded shared library C:\Users\Dell\.openjfx\cache\22.0.1+7\amd64\api-ms-win-crt-time-l1-1-0.dll
Event: 0.346 Loaded shared library C:\Users\Dell\.openjfx\cache\22.0.1+7\amd64\api-ms-win-crt-utility-l1-1-0.dll
Event: 0.357 Loaded shared library C:\Users\Dell\.openjfx\cache\22.0.1+7\amd64\ucrtbase.dll
Event: 0.361 Loaded shared library C:\Users\Dell\.openjfx\cache\22.0.1+7\amd64\vcruntime140.dll
Event: 0.363 Loaded shared library C:\Users\Dell\.openjfx\cache\22.0.1+7\amd64\vcruntime140_1.dll
Event: 0.369 Loaded shared library C:\Users\Dell\.openjfx\cache\22.0.1+7\amd64\msvcp140.dll
Event: 0.371 Loaded shared library C:\Users\Dell\.openjfx\cache\22.0.1+7\amd64\msvcp140_1.dll
Event: 0.375 Loaded shared library C:\Users\Dell\.openjfx\cache\22.0.1+7\amd64\msvcp140_2.dll
Event: 0.414 Loaded shared library C:\Users\Dell\.openjfx\cache\22.0.1+7\amd64\prism_d3d.dll
Event: 0.453 Loaded shared library C:\Users\Dell\.openjfx\cache\22.0.1+7\amd64\glass.dll
Event: 0.592 Loaded shared library C:\Program Files\Java\jdk-22\bin\jimage.dll
Event: 0.801 Loaded shared library C:\Users\Dell\.openjfx\cache\22.0.1+7\amd64\javafx_font.dll
Event: 16.454 Loaded shared library C:\Users\Dell\.openjfx\cache\22.0.1+7\amd64\javafx_iio.dll

Deoptimization events (20 events):
Event: 49.436 Thread 0x00000287fdd1b9a0 Uncommon trap: trap_request=0xffffffbe fr.pc=0x00000287ac6a570c relative=0x000000000000042c
Event: 49.436 Thread 0x00000287fdd1b9a0 Uncommon trap: reason=profile_predicate action=maybe_recompile pc=0x00000287ac6a570c method=javafx.css.CompoundSelector.applies(Ljavafx/css/Styleable;[Ljava/util/Set;I)Z @ 89 c2
Event: 49.437 Thread 0x00000287fdd1b9a0 DEOPT PACKING pc=0x00000287ac6a570c sp=0x0000008fbf2f6f90
Event: 49.437 Thread 0x00000287fdd1b9a0 DEOPT UNPACKING pc=0x00000287abf67da2 sp=0x0000008fbf2f6f20 mode 2
Event: 49.437 Thread 0x00000287fdd1b9a0 Uncommon trap: trap_request=0xffffffbe fr.pc=0x00000287ac6a570c relative=0x000000000000042c
Event: 49.437 Thread 0x00000287fdd1b9a0 Uncommon trap: reason=profile_predicate action=maybe_recompile pc=0x00000287ac6a570c method=javafx.css.CompoundSelector.applies(Ljavafx/css/Styleable;[Ljava/util/Set;I)Z @ 89 c2
Event: 49.437 Thread 0x00000287fdd1b9a0 DEOPT PACKING pc=0x00000287ac6a570c sp=0x0000008fbf2f6f90
Event: 49.437 Thread 0x00000287fdd1b9a0 DEOPT UNPACKING pc=0x00000287abf67da2 sp=0x0000008fbf2f6f20 mode 2
Event: 49.437 Thread 0x00000287fdd1b9a0 Uncommon trap: trap_request=0xffffffbe fr.pc=0x00000287ac6a570c relative=0x000000000000042c
Event: 49.437 Thread 0x00000287fdd1b9a0 Uncommon trap: reason=profile_predicate action=maybe_recompile pc=0x00000287ac6a570c method=javafx.css.CompoundSelector.applies(Ljavafx/css/Styleable;[Ljava/util/Set;I)Z @ 89 c2
Event: 49.437 Thread 0x00000287fdd1b9a0 DEOPT PACKING pc=0x00000287ac6a570c sp=0x0000008fbf2f6f90
Event: 49.437 Thread 0x00000287fdd1b9a0 DEOPT UNPACKING pc=0x00000287abf67da2 sp=0x0000008fbf2f6f20 mode 2
Event: 49.437 Thread 0x00000287fdd1b9a0 Uncommon trap: trap_request=0xffffffbe fr.pc=0x00000287ac6a570c relative=0x000000000000042c
Event: 49.437 Thread 0x00000287fdd1b9a0 Uncommon trap: reason=profile_predicate action=maybe_recompile pc=0x00000287ac6a570c method=javafx.css.CompoundSelector.applies(Ljavafx/css/Styleable;[Ljava/util/Set;I)Z @ 89 c2
Event: 49.437 Thread 0x00000287fdd1b9a0 DEOPT PACKING pc=0x00000287ac6a570c sp=0x0000008fbf2f6f90
Event: 49.437 Thread 0x00000287fdd1b9a0 DEOPT UNPACKING pc=0x00000287abf67da2 sp=0x0000008fbf2f6f20 mode 2
Event: 67.446 Thread 0x00000287fdd1b9a0 Uncommon trap: trap_request=0xffffff6e fr.pc=0x00000287ac6abbb4 relative=0x00000000000009b4
Event: 67.446 Thread 0x00000287fdd1b9a0 Uncommon trap: reason=loop_limit_check action=maybe_recompile pc=0x00000287ac6abbb4 method=javafx.scene.Parent.pickChildrenNode(Lcom/sun/javafx/geom/PickRay;Lcom/sun/javafx/scene/input/PickResultChooser;)Z @ 17 c2
Event: 67.446 Thread 0x00000287fdd1b9a0 DEOPT PACKING pc=0x00000287ac6abbb4 sp=0x0000008fbf2f6cd0
Event: 67.446 Thread 0x00000287fdd1b9a0 DEOPT UNPACKING pc=0x00000287abf67da2 sp=0x0000008fbf2f6a80 mode 2

Classes loaded (20 events):
Event: 14.558 Loading class java/time/zone/ZoneOffsetTransition
Event: 14.558 Loading class java/time/zone/ZoneOffsetTransition done
Event: 14.558 Loading class java/time/Year
Event: 14.558 Loading class java/time/Year done
Event: 14.559 Loading class java/time/temporal/TemporalAdjusters
Event: 14.559 Loading class java/time/temporal/TemporalAdjusters done
Event: 14.571 Loading class java/util/stream/MatchOps$MatchKind
Event: 14.571 Loading class java/util/stream/MatchOps$MatchKind done
Event: 14.571 Loading class java/util/stream/MatchOps
Event: 14.571 Loading class java/util/stream/MatchOps done
Event: 14.571 Loading class java/util/stream/MatchOps$MatchOp
Event: 14.571 Loading class java/util/stream/MatchOps$MatchOp done
Event: 14.571 Loading class java/util/stream/MatchOps$BooleanTerminalSink
Event: 14.571 Loading class java/util/stream/MatchOps$BooleanTerminalSink done
Event: 14.571 Loading class java/util/stream/MatchOps$1MatchSink
Event: 14.571 Loading class java/util/stream/MatchOps$1MatchSink done
Event: 14.713 Loading class java/lang/FdLibm$Acos
Event: 14.713 Loading class java/lang/FdLibm$Acos done
Event: 218.778 Loading class jdk/internal/misc/Signal$1
Event: 218.778 Loading class jdk/internal/misc/Signal$1 done

Classes unloaded (0 events):
No events

Classes redefined (0 events):
No events

Internal exceptions (20 events):
Event: 1.088 Thread 0x00000287fdd1b9a0 Exception <a 'java/lang/ClassNotFoundException'{0x00000007112592b0}: com/sun/javafx/scene/control/skin/resources/controls_en_US> (0x00000007112592b0) 
thrown [s\open\src\hotspot\share\prims\jni.cpp, line 539]
Event: 1.113 Thread 0x00000287fdd1b9a0 Exception <a 'java/lang/NoSuchMethodError'{0x000000071103b260}: 'void java.lang.invoke.DirectMethodHandle$Holder.invokeSpecial(java.lang.Object, java.lang.Object, java.lang.Object, java.lang.Object, java.lang.Object, java.lang.Object)'> (0x000000071103b260) 
thrown [s\open\src\hotspot\share\interpreter\linkResolver.cpp, line 774]
Event: 1.165 Thread 0x00000287fdd1b9a0 Exception <a 'java/lang/NoSuchMethodError'{0x0000000713dad138}: 'int java.lang.invoke.DirectMethodHandle$Holder.invokeSpecial(java.lang.Object, java.lang.Object, int)'> (0x0000000713dad138) 
thrown [s\open\src\hotspot\share\interpreter\linkResolver.cpp, line 774]
Event: 1.166 Thread 0x00000287fdd1b9a0 Exception <a 'java/lang/NoSuchMethodError'{0x0000000713db4888}: 'int java.lang.invoke.DirectMethodHandle$Holder.invokeSpecial(java.lang.Object, java.lang.Object, java.lang.Object, int)'> (0x0000000713db4888) 
thrown [s\open\src\hotspot\share\interpreter\linkResolver.cpp, line 774]
Event: 1.166 Thread 0x00000287fdd1b9a0 Exception <a 'java/lang/NoSuchMethodError'{0x0000000713dc6f90}: 'java.lang.Object java.lang.invoke.DirectMethodHandle$Holder.invokeStatic(java.lang.Object, java.lang.Object, java.lang.Object, java.lang.Object, int)'> (0x0000000713dc6f90) 
thrown [s\open\src\hotspot\share\interpreter\linkResolver.cpp, line 774]
Event: 1.167 Thread 0x00000287fdd1b9a0 Exception <a 'java/lang/NoSuchMethodError'{0x0000000713dcf2b8}: 'int java.lang.invoke.DirectMethodHandle$Holder.invokeSpecial(java.lang.Object, java.lang.Object, java.lang.Object)'> (0x0000000713dcf2b8) 
thrown [s\open\src\hotspot\share\interpreter\linkResolver.cpp, line 774]
Event: 1.175 Thread 0x00000287fdd1b9a0 Exception <a 'java/lang/NoSuchMethodError'{0x0000000713a26cd8}: 'java.lang.Object java.lang.invoke.DirectMethodHandle$Holder.newInvokeSpecial(java.lang.Object, java.lang.Object, int)'> (0x0000000713a26cd8) 
thrown [s\open\src\hotspot\share\interpreter\linkResolver.cpp, line 774]
Event: 1.226 Thread 0x00000287fdd1e790 Exception <a 'java/lang/NoSuchMethodError'{0x0000000713b48830}: 'int java.lang.invoke.DirectMethodHandle$Holder.invokeStaticInit(java.lang.Object, java.lang.Object)'> (0x0000000713b48830) 
thrown [s\open\src\hotspot\share\interpreter\linkResolver.cpp, line 774]
Event: 1.232 Thread 0x00000287fdd1b9a0 Exception <a 'java/lang/NoSuchMethodError'{0x0000000713bd7d40}: 'long java.lang.invoke.DirectMethodHandle$Holder.invokeStatic(java.lang.Object, java.lang.Object, java.lang.Object)'> (0x0000000713bd7d40) 
thrown [s\open\src\hotspot\share\interpreter\linkResolver.cpp, line 774]
Event: 1.232 Thread 0x00000287fdd1b9a0 Exception <a 'java/lang/NoSuchMethodError'{0x0000000713bdb140}: 'long java.lang.invoke.DirectMethodHandle$Holder.invokeStaticInit(java.lang.Object, java.lang.Object, java.lang.Object)'> (0x0000000713bdb140) 
thrown [s\open\src\hotspot\share\interpreter\linkResolver.cpp, line 774]
Event: 1.233 Thread 0x00000287fdd1b9a0 Exception <a 'java/lang/NoSuchMethodError'{0x0000000713befed0}: 'java.lang.Object java.lang.invoke.DirectMethodHandle$Holder.newInvokeSpecial(java.lang.Object, java.lang.Object, long)'> (0x0000000713befed0) 
thrown [s\open\src\hotspot\share\interpreter\linkResolver.cpp, line 774]
Event: 1.233 Thread 0x00000287fdd1b9a0 Exception <a 'java/lang/NoSuchMethodError'{0x0000000713bf3818}: 'java.lang.Object java.lang.invoke.Invokers$Holder.linkToTargetMethod(java.lang.Object, long, java.lang.Object)'> (0x0000000713bf3818) 
thrown [s\open\src\hotspot\share\interpreter\linkResolver.cpp, line 774]
Event: 14.557 Thread 0x00000287fdd1b9a0 Exception <a 'sun/nio/fs/WindowsException'{0x0000000712ce7ea8}> (0x0000000712ce7ea8) 
thrown [s\open\src\hotspot\share\prims\jni.cpp, line 520]
Event: 14.559 Thread 0x00000287fdd1b9a0 Exception <a 'java/lang/NoSuchMethodError'{0x0000000712cf0c20}: 'java.lang.Object java.lang.invoke.DirectMethodHandle$Holder.invokeStatic(java.lang.Object, int, java.lang.Object)'> (0x0000000712cf0c20) 
thrown [s\open\src\hotspot\share\interpreter\linkResolver.cpp, line 774]
Event: 14.580 Thread 0x00000287fdd1b9a0 Exception <a 'java/io/FileNotFoundException'{0x0000000712dc9480}> (0x0000000712dc9480) 
thrown [s\open\src\hotspot\share\prims\jni.cpp, line 520]
Event: 14.722 Thread 0x00000287fdd1e790 Exception <a 'java/lang/NoSuchMethodError'{0x00000007126ddf18}: 'java.lang.Object java.lang.invoke.DirectMethodHandle$Holder.invokeStaticInit(java.lang.Object, int)'> (0x00000007126ddf18) 
thrown [s\open\src\hotspot\share\interpreter\linkResolver.cpp, line 774]
Event: 16.480 Thread 0x00000287fdd1b9a0 Exception <a 'java/io/FileNotFoundException'{0x0000000712556380}> (0x0000000712556380) 
thrown [s\open\src\hotspot\share\prims\jni.cpp, line 520]
Event: 16.563 Thread 0x00000287fdd1b9a0 Exception <a 'java/lang/NoSuchMethodError'{0x00000007121f54f0}: 'void java.lang.invoke.DirectMethodHandle$Holder.invokeSpecial(java.lang.Object, java.lang.Object, int, int)'> (0x00000007121f54f0) 
thrown [s\open\src\hotspot\share\interpreter\linkResolver.cpp, line 774]
Event: 16.564 Thread 0x00000287fdd1b9a0 Exception <a 'java/lang/NoSuchMethodError'{0x00000007121fb5f8}: 'java.lang.Object java.lang.invoke.DirectMethodHandle$Holder.newInvokeSpecial(java.lang.Object, java.lang.Object, int, int)'> (0x00000007121fb5f8) 
thrown [s\open\src\hotspot\share\interpreter\linkResolver.cpp, line 774]
Event: 16.564 Thread 0x00000287fdd1b9a0 Exception <a 'java/lang/NoSuchMethodError'{0x00000007121ff730}: 'java.lang.Object java.lang.invoke.DirectMethodHandle$Holder.invokeSpecial(java.lang.Object, java.lang.Object, java.lang.Object, int, int)'> (0x00000007121ff730) 
thrown [s\open\src\hotspot\share\interpreter\linkResolver.cpp, line 774]

ZGC Phase Switch (0 events):
No events

VM Operations (20 events):
Event: 35.600 Executing VM operation: Cleanup done
Event: 37.601 Executing VM operation: Cleanup
Event: 37.601 Executing VM operation: Cleanup done
Event: 38.601 Executing VM operation: Cleanup
Event: 38.601 Executing VM operation: Cleanup done
Event: 49.607 Executing VM operation: Cleanup
Event: 49.607 Executing VM operation: Cleanup done
Event: 51.608 Executing VM operation: Cleanup
Event: 51.608 Executing VM operation: Cleanup done
Event: 59.609 Executing VM operation: Cleanup
Event: 59.609 Executing VM operation: Cleanup done
Event: 60.172 Executing VM operation: HandshakeAllThreads (HandshakeForDeflation)
Event: 60.172 Executing VM operation: HandshakeAllThreads (HandshakeForDeflation) done
Event: 60.172 Executing VM operation: RendezvousGCThreads
Event: 60.172 Executing VM operation: RendezvousGCThreads done
Event: 67.173 Executing VM operation: Cleanup
Event: 67.174 Executing VM operation: Cleanup done
Event: 95.192 Executing VM operation: Cleanup
Event: 95.192 Executing VM operation: Cleanup done
Event: 218.782 Executing VM operation: Exit

Memory protections (0 events):
No events

Nmethod flushes (0 events):
No events

Events (20 events):
Event: 1.454 Thread 0x00000287bbde9e60 Thread exited: 0x00000287bbde9e60
Event: 1.550 Thread 0x00000287bbde8320 Thread exited: 0x00000287bbde8320
Event: 14.558 Thread 0x00000287bbdea530 Thread added: 0x00000287bbde89f0
Event: 14.658 Thread 0x00000287bbdea530 Thread added: 0x00000287bbde7c50
Event: 15.108 Thread 0x00000287bbde7c50 Thread exited: 0x00000287bbde7c50
Event: 15.164 Thread 0x00000287bbde89f0 Thread exited: 0x00000287bbde89f0
Event: 16.459 Thread 0x00000287bbde1f10 Thread added: 0x00000287bbde7c50
Event: 16.548 Thread 0x00000287bbde1f10 Thread added: 0x00000287bbdeb2d0
Event: 16.750 Thread 0x00000287bbdeb2d0 Thread exited: 0x00000287bbdeb2d0
Event: 17.207 Thread 0x00000287bbde7c50 Thread exited: 0x00000287bbde7c50
Event: 17.903 Thread 0x00000287bbde1f10 Thread added: 0x00000287bbde8320
Event: 17.903 Thread 0x00000287bbde1f10 Thread added: 0x00000287bbde9790
Event: 18.894 Thread 0x00000287bbde9790 Thread exited: 0x00000287bbde9790
Event: 19.078 Thread 0x00000287bbde8320 Thread exited: 0x00000287bbde8320
Event: 218.778 Thread 0x00000287bbdd5c90 Thread added: 0x00000287fdd1cd50
Event: 218.779 Thread 0x00000287fdd1cd50 Thread added: 0x00000287fdd1da70
Event: 218.779 Thread 0x00000287fdd1cd50 Thread added: 0x00000287fdfb8d70
Event: 218.781 Thread 0x00000287fdd1da70 Thread exited: 0x00000287fdd1da70
Event: 218.781 Thread 0x00000287fdfb8d70 Thread exited: 0x00000287fdfb8d70
Event: 218.781 Thread 0x00000287fdd1cd50 Before exit entered


Dynamic libraries:
0x00007ff7ceb90000 - 0x00007ff7ceba0000 	C:\Program Files\Java\jdk-22\bin\java.exe
0x00007ffa15770000 - 0x00007ffa15987000 	C:\WINDOWS\SYSTEM32\ntdll.dll
0x00007ffa13cb0000 - 0x00007ffa13d74000 	C:\WINDOWS\System32\KERNEL32.DLL
0x00007ffa12db0000 - 0x00007ffa1316a000 	C:\WINDOWS\System32\KERNELBASE.dll
0x00007ffa131f0000 - 0x00007ffa13301000 	C:\WINDOWS\System32\ucrtbase.dll
0x00007ffa01ae0000 - 0x00007ffa01afb000 	C:\Program Files\Java\jdk-22\bin\VCRUNTIME140.dll
0x00007ffa02460000 - 0x00007ffa02477000 	C:\Program Files\Java\jdk-22\bin\jli.dll
0x00007ffa13530000 - 0x00007ffa136de000 	C:\WINDOWS\System32\USER32.dll
0x00007ff9f9920000 - 0x00007ff9f9bb2000 	C:\WINDOWS\WinSxS\amd64_microsoft.windows.common-controls_6595b64144ccf1df_6.0.22621.4541_none_2710d1c57384c085\COMCTL32.dll
0x00007ffa14170000 - 0x00007ffa14217000 	C:\WINDOWS\System32\msvcrt.dll
0x00007ffa12d80000 - 0x00007ffa12da6000 	C:\WINDOWS\System32\win32u.dll
0x00007ffa14540000 - 0x00007ffa14569000 	C:\WINDOWS\System32\GDI32.dll
0x00007ffa12af0000 - 0x00007ffa12c0b000 	C:\WINDOWS\System32\gdi32full.dll
0x00007ffa12a50000 - 0x00007ffa12aea000 	C:\WINDOWS\System32\msvcp_win.dll
0x00007ffa13730000 - 0x00007ffa13761000 	C:\WINDOWS\System32\IMM32.DLL
0x00007ffa087f0000 - 0x00007ffa087fc000 	C:\Program Files\Java\jdk-22\bin\vcruntime140_1.dll
0x00007ff9cf4d0000 - 0x00007ff9cf55e000 	C:\Program Files\Java\jdk-22\bin\msvcp140.dll
0x00007ff9463e0000 - 0x00007ff947129000 	C:\Program Files\Java\jdk-22\bin\server\jvm.dll
0x00007ffa143f0000 - 0x00007ffa144a2000 	C:\WINDOWS\System32\ADVAPI32.dll
0x00007ffa13fd0000 - 0x00007ffa14077000 	C:\WINDOWS\System32\sechost.dll
0x00007ffa12cd0000 - 0x00007ffa12cf8000 	C:\WINDOWS\System32\bcrypt.dll
0x00007ffa13b90000 - 0x00007ffa13ca4000 	C:\WINDOWS\System32\RPCRT4.dll
0x00007ffa144c0000 - 0x00007ffa14531000 	C:\WINDOWS\System32\WS2_32.dll
0x00007ffa118a0000 - 0x00007ffa118ed000 	C:\WINDOWS\SYSTEM32\POWRPROF.dll
0x00007ffa089e0000 - 0x00007ffa08a14000 	C:\WINDOWS\SYSTEM32\WINMM.dll
0x00007ffa03be0000 - 0x00007ffa03bea000 	C:\WINDOWS\SYSTEM32\VERSION.dll
0x00007ffa11880000 - 0x00007ffa11893000 	C:\WINDOWS\SYSTEM32\UMPDC.dll
0x00007ffa11b40000 - 0x00007ffa11b58000 	C:\WINDOWS\SYSTEM32\kernel.appcore.dll
0x00007ffa084d0000 - 0x00007ffa084da000 	C:\Program Files\Java\jdk-22\bin\jimage.dll
0x00007ffa0fdd0000 - 0x00007ffa10002000 	C:\WINDOWS\SYSTEM32\DBGHELP.DLL
0x00007ffa137f0000 - 0x00007ffa13b7f000 	C:\WINDOWS\System32\combase.dll
0x00007ffa15650000 - 0x00007ffa15727000 	C:\WINDOWS\System32\OLEAUT32.dll
0x00007ffa020d0000 - 0x00007ffa02102000 	C:\WINDOWS\SYSTEM32\dbgcore.DLL
0x00007ffa13170000 - 0x00007ffa131eb000 	C:\WINDOWS\System32\bcryptPrimitives.dll
0x00007ffa084a0000 - 0x00007ffa084af000 	C:\Program Files\Java\jdk-22\bin\instrument.dll
0x00007ffa009b0000 - 0x00007ffa009ce000 	C:\Program Files\Java\jdk-22\bin\java.dll
0x00007ffa14830000 - 0x00007ffa150a8000 	C:\WINDOWS\System32\SHELL32.dll
0x00007ffa14670000 - 0x00007ffa14815000 	C:\WINDOWS\System32\ole32.dll
0x00007ffa10950000 - 0x00007ffa11258000 	C:\WINDOWS\SYSTEM32\windows.storage.dll
0x00007ffa10810000 - 0x00007ffa1094f000 	C:\WINDOWS\SYSTEM32\wintypes.dll
0x00007ffa15550000 - 0x00007ffa1564a000 	C:\WINDOWS\System32\SHCORE.dll
0x00007ffa13de0000 - 0x00007ffa13e3e000 	C:\WINDOWS\System32\shlwapi.dll
0x00007ffa12980000 - 0x00007ffa129ab000 	C:\WINDOWS\SYSTEM32\profapi.dll
0x00007ff9ca1a0000 - 0x00007ff9ca277000 	C:\Program Files\Java\jdk-22\bin\jsvml.dll
0x00007ffa03a80000 - 0x00007ffa03a90000 	C:\Program Files\Java\jdk-22\bin\net.dll
0x00007ffa11fb0000 - 0x00007ffa12019000 	C:\WINDOWS\system32\mswsock.dll
0x00007ff9f5930000 - 0x00007ff9f5946000 	C:\Program Files\Java\jdk-22\bin\nio.dll
0x00007ff9f47a0000 - 0x00007ff9f47b7000 	C:\Program Files\Java\jdk-22\bin\zip.dll
0x00007ff9f3320000 - 0x00007ff9f333a000 	C:\Program Files\JetBrains\IntelliJ IDEA 2024.2.3\bin\breakgen64.dll
0x00000287bbf40000 - 0x00000287bbf43000 	C:\Users\Dell\.openjfx\cache\22.0.1+7\amd64\api-ms-win-core-console-l1-1-0.dll
0x00000287bbf50000 - 0x00000287bbf53000 	C:\Users\Dell\.openjfx\cache\22.0.1+7\amd64\api-ms-win-core-console-l1-2-0.dll
0x00000287bbf60000 - 0x00000287bbf63000 	C:\Users\Dell\.openjfx\cache\22.0.1+7\amd64\api-ms-win-core-datetime-l1-1-0.dll
0x00000287bbf70000 - 0x00000287bbf73000 	C:\Users\Dell\.openjfx\cache\22.0.1+7\amd64\api-ms-win-core-debug-l1-1-0.dll
0x00000287bbf80000 - 0x00000287bbf83000 	C:\Users\Dell\.openjfx\cache\22.0.1+7\amd64\api-ms-win-core-errorhandling-l1-1-0.dll
0x00000287bbf90000 - 0x00000287bbf94000 	C:\Users\Dell\.openjfx\cache\22.0.1+7\amd64\api-ms-win-core-file-l1-1-0.dll
0x00000287bbfa0000 - 0x00000287bbfa3000 	C:\Users\Dell\.openjfx\cache\22.0.1+7\amd64\api-ms-win-core-file-l1-2-0.dll
0x00000287bbfb0000 - 0x00000287bbfb3000 	C:\Users\Dell\.openjfx\cache\22.0.1+7\amd64\api-ms-win-core-file-l2-1-0.dll
0x00000287bbfc0000 - 0x00000287bbfc3000 	C:\Users\Dell\.openjfx\cache\22.0.1+7\amd64\api-ms-win-core-handle-l1-1-0.dll
0x00000287bbfd0000 - 0x00000287bbfd3000 	C:\Users\Dell\.openjfx\cache\22.0.1+7\amd64\api-ms-win-core-heap-l1-1-0.dll
0x00000287bbfe0000 - 0x00000287bbfe3000 	C:\Users\Dell\.openjfx\cache\22.0.1+7\amd64\api-ms-win-core-interlocked-l1-1-0.dll
0x00000287bbff0000 - 0x00000287bbff3000 	C:\Users\Dell\.openjfx\cache\22.0.1+7\amd64\api-ms-win-core-libraryloader-l1-1-0.dll
0x00000287fdc00000 - 0x00000287fdc03000 	C:\Users\Dell\.openjfx\cache\22.0.1+7\amd64\api-ms-win-core-localization-l1-2-0.dll
0x00000287fdc10000 - 0x00000287fdc13000 	C:\Users\Dell\.openjfx\cache\22.0.1+7\amd64\api-ms-win-core-memory-l1-1-0.dll
0x00000287fdc20000 - 0x00000287fdc23000 	C:\Users\Dell\.openjfx\cache\22.0.1+7\amd64\api-ms-win-core-namedpipe-l1-1-0.dll
0x00000287fdc30000 - 0x00000287fdc33000 	C:\Users\Dell\.openjfx\cache\22.0.1+7\amd64\api-ms-win-core-processenvironment-l1-1-0.dll
0x00000287fdc40000 - 0x00000287fdc43000 	C:\Users\Dell\.openjfx\cache\22.0.1+7\amd64\api-ms-win-core-processthreads-l1-1-0.dll
0x00000287fdc50000 - 0x00000287fdc53000 	C:\Users\Dell\.openjfx\cache\22.0.1+7\amd64\api-ms-win-core-processthreads-l1-1-1.dll
0x00000287fdc60000 - 0x00000287fdc63000 	C:\Users\Dell\.openjfx\cache\22.0.1+7\amd64\api-ms-win-core-profile-l1-1-0.dll
0x00000287fdc70000 - 0x00000287fdc73000 	C:\Users\Dell\.openjfx\cache\22.0.1+7\amd64\api-ms-win-core-rtlsupport-l1-1-0.dll
0x00000287fdc80000 - 0x00000287fdc83000 	C:\Users\Dell\.openjfx\cache\22.0.1+7\amd64\api-ms-win-core-string-l1-1-0.dll
0x00000287fec60000 - 0x00000287fec63000 	C:\Users\Dell\.openjfx\cache\22.0.1+7\amd64\api-ms-win-core-synch-l1-1-0.dll
0x00000287fec70000 - 0x00000287fec73000 	C:\Users\Dell\.openjfx\cache\22.0.1+7\amd64\api-ms-win-core-synch-l1-2-0.dll
0x00000287fec80000 - 0x00000287fec83000 	C:\Users\Dell\.openjfx\cache\22.0.1+7\amd64\api-ms-win-core-sysinfo-l1-1-0.dll
0x00000287fec90000 - 0x00000287fec93000 	C:\Users\Dell\.openjfx\cache\22.0.1+7\amd64\api-ms-win-core-timezone-l1-1-0.dll
0x00000287feca0000 - 0x00000287feca3000 	C:\Users\Dell\.openjfx\cache\22.0.1+7\amd64\api-ms-win-core-util-l1-1-0.dll
0x00000287fecb0000 - 0x00000287fecb3000 	C:\Users\Dell\.openjfx\cache\22.0.1+7\amd64\api-ms-win-crt-conio-l1-1-0.dll
0x00000287fecc0000 - 0x00000287fecc4000 	C:\Users\Dell\.openjfx\cache\22.0.1+7\amd64\api-ms-win-crt-convert-l1-1-0.dll
0x00000287fecd0000 - 0x00000287fecd3000 	C:\Users\Dell\.openjfx\cache\22.0.1+7\amd64\api-ms-win-crt-environment-l1-1-0.dll
0x00000287fece0000 - 0x00000287fece3000 	C:\Users\Dell\.openjfx\cache\22.0.1+7\amd64\api-ms-win-crt-filesystem-l1-1-0.dll
0x00000287fecf0000 - 0x00000287fecf3000 	C:\Users\Dell\.openjfx\cache\22.0.1+7\amd64\api-ms-win-crt-heap-l1-1-0.dll
0x00000287fed00000 - 0x00000287fed03000 	C:\Users\Dell\.openjfx\cache\22.0.1+7\amd64\api-ms-win-crt-locale-l1-1-0.dll
0x00000287fed10000 - 0x00000287fed15000 	C:\Users\Dell\.openjfx\cache\22.0.1+7\amd64\api-ms-win-crt-math-l1-1-0.dll
0x00000287fed20000 - 0x00000287fed25000 	C:\Users\Dell\.openjfx\cache\22.0.1+7\amd64\api-ms-win-crt-multibyte-l1-1-0.dll
0x00000287fed30000 - 0x00000287fed40000 	C:\Users\Dell\.openjfx\cache\22.0.1+7\amd64\api-ms-win-crt-private-l1-1-0.dll
0x00000287fed40000 - 0x00000287fed43000 	C:\Users\Dell\.openjfx\cache\22.0.1+7\amd64\api-ms-win-crt-process-l1-1-0.dll
0x00000287fed50000 - 0x00000287fed54000 	C:\Users\Dell\.openjfx\cache\22.0.1+7\amd64\api-ms-win-crt-runtime-l1-1-0.dll
0x00000287fed60000 - 0x00000287fed64000 	C:\Users\Dell\.openjfx\cache\22.0.1+7\amd64\api-ms-win-crt-stdio-l1-1-0.dll
0x00000287fed70000 - 0x00000287fed74000 	C:\Users\Dell\.openjfx\cache\22.0.1+7\amd64\api-ms-win-crt-string-l1-1-0.dll
0x00000287fed80000 - 0x00000287fed83000 	C:\Users\Dell\.openjfx\cache\22.0.1+7\amd64\api-ms-win-crt-time-l1-1-0.dll
0x00000287fed90000 - 0x00000287fed93000 	C:\Users\Dell\.openjfx\cache\22.0.1+7\amd64\api-ms-win-crt-utility-l1-1-0.dll
0x00007ff9c86c0000 - 0x00007ff9c87bc000 	C:\Users\Dell\.openjfx\cache\22.0.1+7\amd64\ucrtbase.dll
0x00007ff9e73f0000 - 0x00007ff9e740b000 	C:\Users\Dell\.openjfx\cache\22.0.1+7\amd64\vcruntime140.dll
0x00007ff9fe070000 - 0x00007ff9fe07c000 	C:\Users\Dell\.openjfx\cache\22.0.1+7\amd64\vcruntime140_1.dll
0x00007ff9cbdc0000 - 0x00007ff9cbe4e000 	C:\Users\Dell\.openjfx\cache\22.0.1+7\amd64\msvcp140.dll
0x00007ff9fdb80000 - 0x00007ff9fdb89000 	C:\Users\Dell\.openjfx\cache\22.0.1+7\amd64\msvcp140_1.dll
0x00007ff9da9e0000 - 0x00007ff9daa21000 	C:\Users\Dell\.openjfx\cache\22.0.1+7\amd64\msvcp140_2.dll
0x00007ff9df640000 - 0x00007ff9df670000 	C:\Users\Dell\.openjfx\cache\22.0.1+7\amd64\prism_d3d.dll
0x00007ff9b3090000 - 0x00007ff9b3238000 	C:\WINDOWS\system32\d3d9.dll
0x00007ffa0fc30000 - 0x00007ffa0fc5b000 	C:\WINDOWS\SYSTEM32\dwmapi.dll
0x00007ffa0fca0000 - 0x00007ffa0fcd7000 	C:\WINDOWS\SYSTEM32\dxcore.dll
0x00007ffa0f9e0000 - 0x00007ffa0fa91000 	C:\WINDOWS\system32\uxtheme.dll
0x00007ff9b2e30000 - 0x00007ff9b308f000 	C:\WINDOWS\System32\DriverStore\FileRepository\iigd_dch.inf_amd64_a66e3c7509fdda6f\igdumdim64.dll
0x00007ff9b1050000 - 0x00007ff9b2599000 	C:\WINDOWS\System32\DriverStore\FileRepository\iigd_dch.inf_amd64_a66e3c7509fdda6f\igd9dxva64.dll
0x00007ffa150b0000 - 0x00007ffa15524000 	C:\WINDOWS\System32\SETUPAPI.dll
0x00007ffa12710000 - 0x00007ffa1275e000 	C:\WINDOWS\SYSTEM32\cfgmgr32.dll
0x00007ff9af320000 - 0x00007ff9b104b000 	C:\WINDOWS\System32\DriverStore\FileRepository\iigd_dch.inf_amd64_a66e3c7509fdda6f\media_bin_64.dll
0x00007ffa07fd0000 - 0x00007ffa0840e000 	C:\WINDOWS\System32\DriverStore\FileRepository\iigd_dch.inf_amd64_a66e3c7509fdda6f\igdgmm64.dll
0x00007ffa0d770000 - 0x00007ffa0d7b9000 	C:\WINDOWS\SYSTEM32\directxdatabasehelper.dll
0x00007ff9d8580000 - 0x00007ff9d85c5000 	C:\Users\Dell\.openjfx\cache\22.0.1+7\amd64\glass.dll
0x00007ffa14570000 - 0x00007ffa14670000 	C:\WINDOWS\System32\COMDLG32.dll
0x00007ffa13e60000 - 0x00007ffa13fc1000 	C:\WINDOWS\System32\MSCTF.dll
0x00007ff9b2e00000 - 0x00007ff9b2e27000 	C:\WINDOWS\System32\DriverStore\FileRepository\iigd_dch.inf_amd64_a66e3c7509fdda6f\igdinfo64.dll
0x00007ffa03cc0000 - 0x00007ffa07d02000 	C:\WINDOWS\System32\DriverStore\FileRepository\iigd_dch.inf_amd64_a66e3c7509fdda6f\igc64.dll
0x00007ffa13480000 - 0x00007ffa13530000 	C:\WINDOWS\System32\clbcatq.dll
0x00007ffa00430000 - 0x00007ffa005ad000 	C:\Windows\System32\Windows.UI.dll
0x00007ff9ff250000 - 0x00007ff9ff3c5000 	C:\Windows\System32\Windows.UI.Immersive.dll
0x00007ff9e0520000 - 0x00007ff9e0535000 	C:\Users\Dell\.openjfx\cache\22.0.1+7\amd64\javafx_font.dll
0x00007ffa0e1a0000 - 0x00007ffa0e413000 	C:\WINDOWS\SYSTEM32\dwrite.dll
0x00007ffa0f7b0000 - 0x00007ffa0f960000 	C:\WINDOWS\SYSTEM32\WindowsCodecs.dll
0x00007ff9f8780000 - 0x00007ff9f87de000 	C:\WINDOWS\system32\dataexchange.dll
0x00007ffa0b4e0000 - 0x00007ffa0b784000 	C:\WINDOWS\system32\twinapi.appcore.dll
0x00007ff9d0670000 - 0x00007ff9d06a2000 	C:\Program Files\Common Files\Microsoft Shared\Ink\rtscom.dll
0x00007ff9fd490000 - 0x00007ff9fd5d5000 	C:\WINDOWS\SYSTEM32\textinputframework.dll
0x00007ffa0f310000 - 0x00007ffa0f443000 	C:\WINDOWS\SYSTEM32\CoreMessaging.dll
0x00007ffa0cb20000 - 0x00007ffa0ce8d000 	C:\WINDOWS\SYSTEM32\CoreUIComponents.dll
0x00007ffa122e0000 - 0x00007ffa122ec000 	C:\WINDOWS\SYSTEM32\CRYPTBASE.DLL
0x00007ff9d0640000 - 0x00007ff9d066d000 	C:\Users\Dell\.openjfx\cache\22.0.1+7\amd64\javafx_iio.dll

dbghelp: loaded successfully - version: 4.0.5 - missing functions: none
symbol engine: initialized successfully - sym options: 0x614 - pdb path: .;C:\Program Files\Java\jdk-22\bin;C:\WINDOWS\SYSTEM32;C:\WINDOWS\WinSxS\amd64_microsoft.windows.common-controls_6595b64144ccf1df_6.0.22621.4541_none_2710d1c57384c085;C:\Program Files\Java\jdk-22\bin\server;C:\Program Files\JetBrains\IntelliJ IDEA 2024.2.3\bin;C:\Users\Dell\.openjfx\cache\22.0.1+7\amd64;C:\WINDOWS\System32\DriverStore\FileRepository\iigd_dch.inf_amd64_a66e3c7509fdda6f;C:\Program Files\Common Files\Microsoft Shared\Ink

VM Arguments:
jvm_args: --enable-preview -javaagent:C:\Program Files\JetBrains\IntelliJ IDEA 2024.2.3\lib\idea_rt.jar=63133:C:\Program Files\JetBrains\IntelliJ IDEA 2024.2.3\bin -Dfile.encoding=UTF-8 -Dsun.stdout.encoding=UTF-8 -Dsun.stderr.encoding=UTF-8 --module-path=C:\Users\Dell\.m2\repository\org\openjfx\javafx-controls\22.0.1\javafx-controls-22.0.1-win.jar;C:\Users\Dell\IdeaProjects\json-20240303.jar;C:\Users\Dell\IdeaProjects\ConnectHub\target\classes;C:\Users\Dell\.m2\repository\org\openjfx\javafx-graphics\22.0.1\javafx-graphics-22.0.1-win.jar;C:\Users\Dell\.m2\repository\org\openjfx\javafx-base\22.0.1\javafx-base-22.0.1-win.jar;C:\Users\Dell\.m2\repository\org\glassfish\javax.json\1.1.4\javax.json-1.1.4.jar;C:\Users\Dell\.m2\repository\org\openjfx\javafx-fxml\22.0.1\javafx-fxml-22.0.1-win.jar -Djdk.module.main=connecthub 
java_command: connecthub/connecthub.UserAccountManagement.Frontend.LoginPage
java_class_path (initial): C:\Users\Dell\.m2\repository\org\openjfx\javafx-controls\22.0.1\javafx-controls-22.0.1.jar;C:\Users\Dell\.m2\repository\org\openjfx\javafx-graphics\22.0.1\javafx-graphics-22.0.1.jar;C:\Users\Dell\.m2\repository\org\openjfx\javafx-base\22.0.1\javafx-base-22.0.1.jar;C:\Users\Dell\.m2\repository\org\openjfx\javafx-fxml\22.0.1\javafx-fxml-22.0.1.jar
Launcher Type: SUN_STANDARD

[Global flags]
     intx CICompilerCount                          = 4                                         {product} {ergonomic}
     uint ConcGCThreads                            = 2                                         {product} {ergonomic}
     uint G1ConcRefinementThreads                  = 8                                         {product} {ergonomic}
   size_t G1HeapRegionSize                         = 2097152                                   {product} {ergonomic}
   size_t InitialHeapSize                          = 264241152                                 {product} {ergonomic}
   size_t MarkStackSize                            = 4194304                                   {product} {ergonomic}
   size_t MaxHeapSize                              = 4223664128                                {product} {ergonomic}
   size_t MaxNewSize                               = 2533359616                                {product} {ergonomic}
   size_t MinHeapDeltaBytes                        = 2097152                                   {product} {ergonomic}
   size_t MinHeapSize                              = 8388608                                   {product} {ergonomic}
    uintx NonNMethodCodeHeapSize                   = 5839372                                {pd product} {ergonomic}
    uintx NonProfiledCodeHeapSize                  = 122909434                              {pd product} {ergonomic}
    uintx ProfiledCodeHeapSize                     = 122909434                              {pd product} {ergonomic}
    uintx ReservedCodeCacheSize                    = 251658240                              {pd product} {ergonomic}
     bool SegmentedCodeCache                       = true                                      {product} {ergonomic}
   size_t SoftMaxHeapSize                          = 4223664128                             {manageable} {ergonomic}
     bool UseCompressedOops                        = true                           {product lp64_product} {ergonomic}
     bool UseG1GC                                  = true                                      {product} {ergonomic}
     bool UseLargePagesIndividualAllocation        = false                                  {pd product} {ergonomic}

Logging:
Log output configuration:
 #0: stdout all=off uptime,level,tags foldmultilines=false
 #1: stderr all=off uptime,level,tags foldmultilines=false

Environment Variables:
PATH=C:\Program Files\Common Files\Oracle\Java\javapath;C:\Program Files (x86)\Common Files\Oracle\Java\java8path;C:\Program Files (x86)\Common Files\Oracle\Java\javapath;C:\Windows\system32;C:\Windows;C:\Windows\System32\Wbem;C:\Windows\System32\WindowsPowerShell\v1.0\;C:\Windows\System32\OpenSSH\;C:\Program Files\dotnet\;C:\Program Files (x86)\NVIDIA Corporation\PhysX\Common;C:\WINDOWS\system32;C:\WINDOWS;C:\WINDOWS\System32\Wbem;C:\WINDOWS\System32\WindowsPowerShell\v1.0\;C:\WINDOWS\System32\OpenSSH\;C:\Program Files\MATLAB\R2024a\runtime\win64;C:\Program Files\MATLAB\R2024a\bin;C:\Program Files\Git\cmd;C:\Users\Dell\AppData\Local\Programs\Python\Launcher\;C:\Users\Dell\AppData\Local\Microsoft\WindowsApps;C:\Users\Dell\AppData\Local\Programs\Microsoft VS Code\bin;C:\mingw-w64\mingw64\bin;
USERNAME=Dell
OS=Windows_NT
PROCESSOR_IDENTIFIER=Intel64 Family 6 Model 140 Stepping 1, GenuineIntel
TMP=C:\Users\Dell\AppData\Local\Temp
TEMP=C:\Users\Dell\AppData\Local\Temp




Periodic native trim disabled

---------------  S Y S T E M  ---------------

OS:
 Windows 11 , 64 bit Build 22621 (10.0.22621.4391)
OS uptime: 9 days 15:37 hours
Hyper-V role detected

CPU: total 8 (initial active 8) (4 cores per cpu, 2 threads per core) family 6 model 140 stepping 1 microcode 0xb8, cx8, cmov, fxsr, ht, mmx, 3dnowpref, sse, sse2, sse3, ssse3, sse4.1, sse4.2, popcnt, lzcnt, tsc, tscinvbit, avx, avx2, aes, erms, clmul, bmi1, bmi2, adx, avx512f, avx512dq, avx512cd, avx512bw, avx512vl, sha, fma, vzeroupper, avx512_vpopcntdq, avx512_vpclmulqdq, avx512_vaes, avx512_vnni, clflush, clflushopt, clwb, avx512_vbmi2, avx512_vbmi, hv, rdtscp, rdpid, fsrm, gfni, avx512_bitalg, f16c, cet_ibt, cet_ss, avx512_ifma
Processor Information for all 8 processors :
  Max Mhz: 2803, Current Mhz: 2803, Mhz Limit: 2803

Memory: 4k page, system-wide physical 16110M (4414M free)
TotalPageFile size 24046M (AvailPageFile size 6254M)
current process WorkingSet (physical memory assigned to process): 217M, peak: 245M
current process commit charge ("private bytes"): 467M, peak: 480M

vm_info: Java HotSpot(TM) 64-Bit Server VM (22.0.2+9-70) for windows-amd64 JRE (22.0.2+9-70), built on 2024-06-04T16:52:23Z by "mach5one" with MS VC++ 17.6 (VS2022)

END.
